2018-07-08 10:41:15,015 [Worker-3: Loading available Gradle versions] INFO  c.g.t.t.d.PublishedGradleVersions - Gradle version information cache is up-to-date. Trying to read.
2018-07-09 23:49:35,895 [Worker-2: Loading available Gradle versions] INFO  c.g.t.t.d.PublishedGradleVersions - Gradle version information cache is up-to-date. Trying to read.
2018-07-10 00:04:03,495 [Worker-15: Enabling Maven Dependency Management] INFO  o.e.m.c.i.l.LifecycleMappingFactory - Using org.eclipse.m2e.jdt.JarLifecycleMapping lifecycle mapping for MavenProject: startJenaFuseki:startJenaFuseki:0.0.1-SNAPSHOT @ /Users/jennifertran/eclipse-workspace/Cloud Computing/ReadOWL/startJenaFuseki/pom.xml.
2018-07-10 00:04:04,169 [Worker-9: Building workspace] WARN  o.e.m.c.i.embedder.EclipseLogger - Using platform encoding (UTF-8 actually) to copy filtered resources, i.e. build is platform dependent!
2018-07-10 00:04:04,184 [Worker-9: Building workspace] INFO  o.e.m.c.i.embedder.EclipseLogger - skip non existing resourceDirectory /Users/jennifertran/eclipse-workspace/Cloud Computing/ReadOWL/startJenaFuseki/src/main/resources
2018-07-10 00:04:04,188 [Worker-9: Building workspace] WARN  o.e.m.c.i.embedder.EclipseLogger - Using platform encoding (UTF-8 actually) to copy filtered resources, i.e. build is platform dependent!
2018-07-10 00:04:04,190 [Worker-9: Building workspace] INFO  o.e.m.c.i.embedder.EclipseLogger - skip non existing resourceDirectory /Users/jennifertran/eclipse-workspace/Cloud Computing/ReadOWL/startJenaFuseki/src/test/resources
2018-07-10 00:04:04,517 [Worker-15: Enabling Maven Dependency Management] INFO  o.e.m.j.i.AbstractJavaProjectConfigurator - Adding source folder /startJenaFuseki/src
2018-07-10 00:04:04,518 [Worker-15: Enabling Maven Dependency Management] INFO  o.e.m.j.i.AbstractJavaProjectConfigurator - Not adding source folder /startJenaFuseki/src/test/java because it overlaps with /startJenaFuseki/src
2018-07-10 00:04:05,117 [Worker-15: Enabling Maven Dependency Management] INFO  o.e.m.c.i.p.ProjectConfigurationManager - Update started
2018-07-10 00:04:05,756 [Worker-15: Enabling Maven Dependency Management] INFO  o.e.m.c.i.l.LifecycleMappingFactory - Using org.eclipse.m2e.jdt.JarLifecycleMapping lifecycle mapping for MavenProject: startJenaFuseki:startJenaFuseki:0.0.1-SNAPSHOT @ /Users/jennifertran/eclipse-workspace/Cloud Computing/ReadOWL/startJenaFuseki/pom.xml.
2018-07-10 00:04:06,316 [Worker-9: Building workspace] WARN  o.e.m.c.i.embedder.EclipseLogger - Using platform encoding (UTF-8 actually) to copy filtered resources, i.e. build is platform dependent!
2018-07-10 00:04:06,317 [Worker-9: Building workspace] INFO  o.e.m.c.i.embedder.EclipseLogger - skip non existing resourceDirectory /Users/jennifertran/eclipse-workspace/Cloud Computing/ReadOWL/startJenaFuseki/src/main/resources
2018-07-10 00:04:06,321 [Worker-9: Building workspace] WARN  o.e.m.c.i.embedder.EclipseLogger - Using platform encoding (UTF-8 actually) to copy filtered resources, i.e. build is platform dependent!
2018-07-10 00:04:06,322 [Worker-9: Building workspace] INFO  o.e.m.c.i.embedder.EclipseLogger - skip non existing resourceDirectory /Users/jennifertran/eclipse-workspace/Cloud Computing/ReadOWL/startJenaFuseki/src/test/resources
2018-07-10 00:04:06,334 [Worker-15: Enabling Maven Dependency Management] INFO  o.e.m.j.i.AbstractJavaProjectConfigurator - Adding source folder /startJenaFuseki/src
2018-07-10 00:04:06,338 [Worker-15: Enabling Maven Dependency Management] INFO  o.e.m.j.i.AbstractJavaProjectConfigurator - Not adding source folder /startJenaFuseki/src/test/java because it overlaps with /startJenaFuseki/src
2018-07-10 00:04:06,503 [Worker-15: Enabling Maven Dependency Management] INFO  o.e.m.c.i.p.ProjectConfigurationManager - Update completed: 1 sec
2018-07-10 00:04:07,380 [Worker-2: Building workspace] WARN  o.e.m.c.i.embedder.EclipseLogger - Using platform encoding (UTF-8 actually) to copy filtered resources, i.e. build is platform dependent!
2018-07-10 00:04:07,382 [Worker-2: Building workspace] INFO  o.e.m.c.i.embedder.EclipseLogger - skip non existing resourceDirectory /Users/jennifertran/eclipse-workspace/Cloud Computing/ReadOWL/startJenaFuseki/src/main/resources
2018-07-10 00:04:07,384 [Worker-2: Building workspace] WARN  o.e.m.c.i.embedder.EclipseLogger - Using platform encoding (UTF-8 actually) to copy filtered resources, i.e. build is platform dependent!
2018-07-10 00:04:07,385 [Worker-2: Building workspace] INFO  o.e.m.c.i.embedder.EclipseLogger - skip non existing resourceDirectory /Users/jennifertran/eclipse-workspace/Cloud Computing/ReadOWL/startJenaFuseki/src/test/resources
2018-07-10 00:05:50,244 [Worker-19: Building workspace] INFO  o.e.m.c.i.l.LifecycleMappingFactory - Using org.eclipse.m2e.jdt.JarLifecycleMapping lifecycle mapping for MavenProject: startJenaFuseki:startJenaFuseki:0.0.1-SNAPSHOT @ /Users/jennifertran/eclipse-workspace/Cloud Computing/ReadOWL/startJenaFuseki/pom.xml.
2018-07-10 00:05:50,790 [Worker-19: Building workspace] INFO  o.e.m.c.i.e.AbstractTransferListenerAdapter - Downloading https://repo.maven.apache.org/maven2/org/apache/jena/jena-fuseki-server/3.8.0/jena-fuseki-server-3.8.0.pom
2018-07-10 00:05:50,822 [Worker-19: Building workspace] INFO  o.e.m.c.i.e.AbstractTransferListenerAdapter - Downloaded https://repo.maven.apache.org/maven2/org/apache/jena/jena-fuseki-server/3.8.0/jena-fuseki-server-3.8.0.pom
2018-07-10 00:05:51,107 [Worker-19: Building workspace] INFO  o.e.m.c.i.e.AbstractTransferListenerAdapter - Downloading https://repo.maven.apache.org/maven2/org/apache/jena/jena-fuseki-server/3.8.0/jena-fuseki-server-3.8.0.jar
2018-07-10 00:05:56,968 [Worker-19: Building workspace] INFO  o.e.m.c.i.e.AbstractTransferListenerAdapter - Downloaded https://repo.maven.apache.org/maven2/org/apache/jena/jena-fuseki-server/3.8.0/jena-fuseki-server-3.8.0.jar
2018-07-10 00:05:57,335 [Worker-19: Building workspace] WARN  o.e.m.c.i.embedder.EclipseLogger - Using platform encoding (UTF-8 actually) to copy filtered resources, i.e. build is platform dependent!
2018-07-10 00:05:57,338 [Worker-19: Building workspace] INFO  o.e.m.c.i.embedder.EclipseLogger - skip non existing resourceDirectory /Users/jennifertran/eclipse-workspace/Cloud Computing/ReadOWL/startJenaFuseki/src/main/resources
2018-07-10 00:05:57,342 [Worker-19: Building workspace] WARN  o.e.m.c.i.embedder.EclipseLogger - Using platform encoding (UTF-8 actually) to copy filtered resources, i.e. build is platform dependent!
2018-07-10 00:05:57,343 [Worker-19: Building workspace] INFO  o.e.m.c.i.embedder.EclipseLogger - skip non existing resourceDirectory /Users/jennifertran/eclipse-workspace/Cloud Computing/ReadOWL/startJenaFuseki/src/test/resources
2018-07-10 00:05:58,322 [Worker-20: Download sources and javadoc] INFO  o.e.m.c.i.e.AbstractTransferListenerAdapter - Downloading https://repo.maven.apache.org/maven2/org/apache/jena/jena-fuseki-server/3.8.0/jena-fuseki-server-3.8.0-sources.jar
2018-07-10 00:05:58,433 [Worker-20: Download sources and javadoc] INFO  o.e.m.c.i.e.AbstractTransferListenerAdapter - Downloaded https://repo.maven.apache.org/maven2/org/apache/jena/jena-fuseki-server/3.8.0/jena-fuseki-server-3.8.0-sources.jar
2018-07-10 00:05:58,453 [Worker-20: Download sources and javadoc] INFO  o.e.m.j.internal.DownloadSourcesJob - Downloaded sources for org.apache.jena:jena-fuseki-server:3.8.0
2018-07-10 00:05:58,728 [Worker-20: Building workspace] WARN  o.e.m.c.i.embedder.EclipseLogger - Using platform encoding (UTF-8 actually) to copy filtered resources, i.e. build is platform dependent!
2018-07-10 00:05:58,737 [Worker-20: Building workspace] INFO  o.e.m.c.i.embedder.EclipseLogger - skip non existing resourceDirectory /Users/jennifertran/eclipse-workspace/Cloud Computing/ReadOWL/startJenaFuseki/src/main/resources
2018-07-10 00:05:58,740 [Worker-20: Building workspace] WARN  o.e.m.c.i.embedder.EclipseLogger - Using platform encoding (UTF-8 actually) to copy filtered resources, i.e. build is platform dependent!
2018-07-10 00:05:58,741 [Worker-20: Building workspace] INFO  o.e.m.c.i.embedder.EclipseLogger - skip non existing resourceDirectory /Users/jennifertran/eclipse-workspace/Cloud Computing/ReadOWL/startJenaFuseki/src/test/resources
2018-07-10 00:06:01,824 [main] INFO  o.e.m2e.actions.ExecutePomAction - Creating new launch configuration
2018-07-10 00:06:06,117 [Worker-4: Launching startJenaFuseki] INFO  o.e.m.i.launch.MavenLaunchDelegate - /Users/jennifertran/eclipse-workspace/Cloud Computing/ReadOWL/startJenaFuseki
2018-07-10 00:06:06,117 [Worker-4: Launching startJenaFuseki] INFO  o.e.m.i.launch.MavenLaunchDelegate -  mvn -B 
2018-07-10 00:07:42,133 [Worker-19: Building workspace] INFO  o.e.m.c.i.l.LifecycleMappingFactory - Using org.eclipse.m2e.jdt.JarLifecycleMapping lifecycle mapping for MavenProject: startJenaFuseki:startJenaFuseki:0.0.1-SNAPSHOT @ /Users/jennifertran/eclipse-workspace/Cloud Computing/ReadOWL/startJenaFuseki/pom.xml.
2018-07-10 00:07:42,857 [Worker-19: Building workspace] INFO  o.e.m.c.i.e.AbstractTransferListenerAdapter - Downloading https://repo.maven.apache.org/maven2/org/apache/jena/jena-arq/3.8.0/jena-arq-3.8.0.jar
2018-07-10 00:07:43,383 [Worker-19: Building workspace] INFO  o.e.m.c.i.e.AbstractTransferListenerAdapter - Downloaded https://repo.maven.apache.org/maven2/org/apache/jena/jena-arq/3.8.0/jena-arq-3.8.0.jar
2018-07-10 00:07:43,434 [Worker-19: Building workspace] INFO  o.e.m.c.i.e.AbstractTransferListenerAdapter - Downloading https://repo.maven.apache.org/maven2/org/apache/jena/jena-core/3.8.0/jena-core-3.8.0.jar
2018-07-10 00:07:43,649 [Worker-19: Building workspace] INFO  o.e.m.c.i.e.AbstractTransferListenerAdapter - Downloaded https://repo.maven.apache.org/maven2/org/apache/jena/jena-core/3.8.0/jena-core-3.8.0.jar
2018-07-10 00:07:43,675 [Worker-19: Building workspace] INFO  o.e.m.c.i.e.AbstractTransferListenerAdapter - Downloading https://repo.maven.apache.org/maven2/org/apache/jena/jena-iri/3.8.0/jena-iri-3.8.0.jar
2018-07-10 00:07:43,710 [Worker-19: Building workspace] INFO  o.e.m.c.i.e.AbstractTransferListenerAdapter - Downloaded https://repo.maven.apache.org/maven2/org/apache/jena/jena-iri/3.8.0/jena-iri-3.8.0.jar
2018-07-10 00:07:43,728 [Worker-19: Building workspace] INFO  o.e.m.c.i.e.AbstractTransferListenerAdapter - Downloading https://repo.maven.apache.org/maven2/commons-codec/commons-codec/1.11/commons-codec-1.11.jar
2018-07-10 00:07:43,774 [Worker-19: Building workspace] INFO  o.e.m.c.i.e.AbstractTransferListenerAdapter - Downloaded https://repo.maven.apache.org/maven2/commons-codec/commons-codec/1.11/commons-codec-1.11.jar
2018-07-10 00:07:43,795 [Worker-19: Building workspace] INFO  o.e.m.c.i.e.AbstractTransferListenerAdapter - Downloading https://repo.maven.apache.org/maven2/org/apache/jena/jena-base/3.8.0/jena-base-3.8.0.jar
2018-07-10 00:07:43,845 [Worker-19: Building workspace] INFO  o.e.m.c.i.e.AbstractTransferListenerAdapter - Downloaded https://repo.maven.apache.org/maven2/org/apache/jena/jena-base/3.8.0/jena-base-3.8.0.jar
2018-07-10 00:07:43,875 [Worker-19: Building workspace] INFO  o.e.m.c.i.e.AbstractTransferListenerAdapter - Downloading https://repo.maven.apache.org/maven2/org/apache/commons/commons-compress/1.17/commons-compress-1.17.jar
2018-07-10 00:07:43,955 [Worker-19: Building workspace] INFO  o.e.m.c.i.e.AbstractTransferListenerAdapter - Downloaded https://repo.maven.apache.org/maven2/org/apache/commons/commons-compress/1.17/commons-compress-1.17.jar
2018-07-10 00:07:43,970 [Worker-19: Building workspace] INFO  o.e.m.c.i.e.AbstractTransferListenerAdapter - Downloading https://repo.maven.apache.org/maven2/org/apache/jena/jena-shaded-guava/3.8.0/jena-shaded-guava-3.8.0.jar
2018-07-10 00:07:44,291 [Worker-19: Building workspace] INFO  o.e.m.c.i.e.AbstractTransferListenerAdapter - Downloaded https://repo.maven.apache.org/maven2/org/apache/jena/jena-shaded-guava/3.8.0/jena-shaded-guava-3.8.0.jar
2018-07-10 00:07:44,305 [Worker-19: Building workspace] INFO  o.e.m.c.i.e.AbstractTransferListenerAdapter - Downloading https://repo.maven.apache.org/maven2/org/apache/httpcomponents/httpclient/4.5.5/httpclient-4.5.5.jar
2018-07-10 00:07:44,400 [Worker-19: Building workspace] INFO  o.e.m.c.i.e.AbstractTransferListenerAdapter - Downloaded https://repo.maven.apache.org/maven2/org/apache/httpcomponents/httpclient/4.5.5/httpclient-4.5.5.jar
2018-07-10 00:07:44,419 [Worker-19: Building workspace] INFO  o.e.m.c.i.e.AbstractTransferListenerAdapter - Downloading https://repo.maven.apache.org/maven2/org/apache/httpcomponents/httpcore/4.4.9/httpcore-4.4.9.jar
2018-07-10 00:07:44,468 [Worker-19: Building workspace] INFO  o.e.m.c.i.e.AbstractTransferListenerAdapter - Downloaded https://repo.maven.apache.org/maven2/org/apache/httpcomponents/httpcore/4.4.9/httpcore-4.4.9.jar
2018-07-10 00:07:44,524 [Worker-19: Building workspace] INFO  o.e.m.c.i.e.AbstractTransferListenerAdapter - Downloading https://repo.maven.apache.org/maven2/com/github/jsonld-java/jsonld-java/0.12.0/jsonld-java-0.12.0.jar
2018-07-10 00:07:44,698 [Worker-19: Building workspace] INFO  o.e.m.c.i.e.AbstractTransferListenerAdapter - Downloaded https://repo.maven.apache.org/maven2/com/github/jsonld-java/jsonld-java/0.12.0/jsonld-java-0.12.0.jar
2018-07-10 00:07:44,712 [Worker-19: Building workspace] INFO  o.e.m.c.i.e.AbstractTransferListenerAdapter - Downloading https://repo.maven.apache.org/maven2/com/fasterxml/jackson/core/jackson-databind/2.9.5/jackson-databind-2.9.5.jar
2018-07-10 00:07:44,885 [Worker-19: Building workspace] INFO  o.e.m.c.i.e.AbstractTransferListenerAdapter - Downloaded https://repo.maven.apache.org/maven2/com/fasterxml/jackson/core/jackson-databind/2.9.5/jackson-databind-2.9.5.jar
2018-07-10 00:07:44,909 [Worker-19: Building workspace] INFO  o.e.m.c.i.e.AbstractTransferListenerAdapter - Downloading https://repo.maven.apache.org/maven2/org/apache/httpcomponents/httpclient-cache/4.5.5/httpclient-cache-4.5.5.jar
2018-07-10 00:07:44,963 [Worker-19: Building workspace] INFO  o.e.m.c.i.e.AbstractTransferListenerAdapter - Downloaded https://repo.maven.apache.org/maven2/org/apache/httpcomponents/httpclient-cache/4.5.5/httpclient-cache-4.5.5.jar
2018-07-10 00:07:44,982 [Worker-19: Building workspace] INFO  o.e.m.c.i.e.AbstractTransferListenerAdapter - Downloading https://repo.maven.apache.org/maven2/commons-io/commons-io/2.2/commons-io-2.2.jar
2018-07-10 00:07:45,057 [Worker-19: Building workspace] INFO  o.e.m.c.i.e.AbstractTransferListenerAdapter - Downloaded https://repo.maven.apache.org/maven2/commons-io/commons-io/2.2/commons-io-2.2.jar
2018-07-10 00:07:46,298 [Worker-19: Building workspace] WARN  o.e.m.c.i.embedder.EclipseLogger - Using platform encoding (UTF-8 actually) to copy filtered resources, i.e. build is platform dependent!
2018-07-10 00:07:46,302 [Worker-19: Building workspace] INFO  o.e.m.c.i.embedder.EclipseLogger - skip non existing resourceDirectory /Users/jennifertran/eclipse-workspace/Cloud Computing/ReadOWL/startJenaFuseki/src/main/resources
2018-07-10 00:07:46,307 [Worker-19: Building workspace] WARN  o.e.m.c.i.embedder.EclipseLogger - Using platform encoding (UTF-8 actually) to copy filtered resources, i.e. build is platform dependent!
2018-07-10 00:07:46,308 [Worker-19: Building workspace] INFO  o.e.m.c.i.embedder.EclipseLogger - skip non existing resourceDirectory /Users/jennifertran/eclipse-workspace/Cloud Computing/ReadOWL/startJenaFuseki/src/test/resources
2018-07-10 00:07:47,380 [Worker-9: Download sources and javadoc] INFO  o.e.m.c.i.e.AbstractTransferListenerAdapter - Downloading https://repo.maven.apache.org/maven2/org/apache/jena/jena-arq/3.8.0/jena-arq-3.8.0-sources.jar
2018-07-10 00:07:47,573 [Worker-20: Building workspace] WARN  o.e.m.c.i.embedder.EclipseLogger - Using platform encoding (UTF-8 actually) to copy filtered resources, i.e. build is platform dependent!
2018-07-10 00:07:47,575 [Worker-20: Building workspace] INFO  o.e.m.c.i.embedder.EclipseLogger - skip non existing resourceDirectory /Users/jennifertran/eclipse-workspace/Cloud Computing/ReadOWL/startJenaFuseki/src/main/resources
2018-07-10 00:07:47,582 [Worker-20: Building workspace] WARN  o.e.m.c.i.embedder.EclipseLogger - Using platform encoding (UTF-8 actually) to copy filtered resources, i.e. build is platform dependent!
2018-07-10 00:07:47,584 [Worker-20: Building workspace] INFO  o.e.m.c.i.embedder.EclipseLogger - skip non existing resourceDirectory /Users/jennifertran/eclipse-workspace/Cloud Computing/ReadOWL/startJenaFuseki/src/test/resources
2018-07-10 00:07:47,918 [Worker-9: Download sources and javadoc] INFO  o.e.m.c.i.e.AbstractTransferListenerAdapter - Downloaded https://repo.maven.apache.org/maven2/org/apache/jena/jena-arq/3.8.0/jena-arq-3.8.0-sources.jar
2018-07-10 00:07:47,941 [Worker-9: Download sources and javadoc] INFO  o.e.m.j.internal.DownloadSourcesJob - Downloaded sources for org.apache.jena:jena-arq:3.8.0
2018-07-10 00:07:47,983 [Worker-9: Download sources and javadoc] INFO  o.e.m.c.i.e.AbstractTransferListenerAdapter - Downloading https://repo.maven.apache.org/maven2/org/apache/jena/jena-core/3.8.0/jena-core-3.8.0-sources.jar
2018-07-10 00:07:48,200 [Worker-9: Download sources and javadoc] INFO  o.e.m.c.i.e.AbstractTransferListenerAdapter - Downloaded https://repo.maven.apache.org/maven2/org/apache/jena/jena-core/3.8.0/jena-core-3.8.0-sources.jar
2018-07-10 00:07:48,233 [Worker-9: Download sources and javadoc] INFO  o.e.m.j.internal.DownloadSourcesJob - Downloaded sources for org.apache.jena:jena-core:3.8.0
2018-07-10 00:07:48,256 [Worker-9: Download sources and javadoc] INFO  o.e.m.c.i.e.AbstractTransferListenerAdapter - Downloading https://repo.maven.apache.org/maven2/org/apache/jena/jena-iri/3.8.0/jena-iri-3.8.0-sources.jar
2018-07-10 00:07:48,292 [Worker-9: Download sources and javadoc] INFO  o.e.m.c.i.e.AbstractTransferListenerAdapter - Downloaded https://repo.maven.apache.org/maven2/org/apache/jena/jena-iri/3.8.0/jena-iri-3.8.0-sources.jar
2018-07-10 00:07:48,309 [Worker-9: Download sources and javadoc] INFO  o.e.m.j.internal.DownloadSourcesJob - Downloaded sources for org.apache.jena:jena-iri:3.8.0
2018-07-10 00:07:48,330 [Worker-9: Download sources and javadoc] INFO  o.e.m.c.i.e.AbstractTransferListenerAdapter - Downloading https://repo.maven.apache.org/maven2/commons-codec/commons-codec/1.11/commons-codec-1.11-sources.jar
2018-07-10 00:07:48,398 [Worker-9: Download sources and javadoc] INFO  o.e.m.c.i.e.AbstractTransferListenerAdapter - Downloaded https://repo.maven.apache.org/maven2/commons-codec/commons-codec/1.11/commons-codec-1.11-sources.jar
2018-07-10 00:07:48,428 [Worker-9: Download sources and javadoc] INFO  o.e.m.j.internal.DownloadSourcesJob - Downloaded sources for commons-codec:commons-codec:1.11
2018-07-10 00:07:48,457 [Worker-9: Download sources and javadoc] INFO  o.e.m.c.i.e.AbstractTransferListenerAdapter - Downloading https://repo.maven.apache.org/maven2/org/apache/jena/jena-base/3.8.0/jena-base-3.8.0-sources.jar
2018-07-10 00:07:48,512 [Worker-9: Download sources and javadoc] INFO  o.e.m.c.i.e.AbstractTransferListenerAdapter - Downloaded https://repo.maven.apache.org/maven2/org/apache/jena/jena-base/3.8.0/jena-base-3.8.0-sources.jar
2018-07-10 00:07:48,709 [Worker-9: Download sources and javadoc] INFO  o.e.m.j.internal.DownloadSourcesJob - Downloaded sources for org.apache.jena:jena-base:3.8.0
2018-07-10 00:07:48,747 [Worker-9: Download sources and javadoc] INFO  o.e.m.c.i.e.AbstractTransferListenerAdapter - Downloading https://repo.maven.apache.org/maven2/org/apache/commons/commons-compress/1.17/commons-compress-1.17-sources.jar
2018-07-10 00:07:48,818 [Worker-9: Download sources and javadoc] INFO  o.e.m.c.i.e.AbstractTransferListenerAdapter - Downloaded https://repo.maven.apache.org/maven2/org/apache/commons/commons-compress/1.17/commons-compress-1.17-sources.jar
2018-07-10 00:07:48,849 [Worker-9: Download sources and javadoc] INFO  o.e.m.j.internal.DownloadSourcesJob - Downloaded sources for org.apache.commons:commons-compress:1.17
2018-07-10 00:07:49,104 [main] INFO  o.e.m2e.actions.ExecutePomAction - Using existing launch configuration
2018-07-10 00:07:49,117 [Worker-9: Download sources and javadoc] INFO  o.e.m.c.i.e.AbstractTransferListenerAdapter - Downloading https://repo.maven.apache.org/maven2/org/apache/jena/jena-shaded-guava/3.8.0/jena-shaded-guava-3.8.0-sources.jar
2018-07-10 00:07:49,476 [Worker-9: Download sources and javadoc] INFO  o.e.m.c.i.e.AbstractTransferListenerAdapter - Downloaded https://repo.maven.apache.org/maven2/org/apache/jena/jena-shaded-guava/3.8.0/jena-shaded-guava-3.8.0-sources.jar
2018-07-10 00:07:49,502 [Worker-9: Download sources and javadoc] INFO  o.e.m.j.internal.DownloadSourcesJob - Downloaded sources for org.apache.jena:jena-shaded-guava:3.8.0
2018-07-10 00:07:49,528 [Worker-9: Download sources and javadoc] INFO  o.e.m.c.i.e.AbstractTransferListenerAdapter - Downloading https://repo.maven.apache.org/maven2/org/apache/httpcomponents/httpclient/4.5.5/httpclient-4.5.5-sources.jar
2018-07-10 00:07:49,615 [Worker-9: Download sources and javadoc] INFO  o.e.m.c.i.e.AbstractTransferListenerAdapter - Downloaded https://repo.maven.apache.org/maven2/org/apache/httpcomponents/httpclient/4.5.5/httpclient-4.5.5-sources.jar
2018-07-10 00:07:49,661 [Worker-9: Download sources and javadoc] INFO  o.e.m.j.internal.DownloadSourcesJob - Downloaded sources for org.apache.httpcomponents:httpclient:4.5.5
2018-07-10 00:07:49,682 [Worker-9: Download sources and javadoc] INFO  o.e.m.c.i.e.AbstractTransferListenerAdapter - Downloading https://repo.maven.apache.org/maven2/org/apache/httpcomponents/httpcore/4.4.9/httpcore-4.4.9-sources.jar
2018-07-10 00:07:49,736 [Worker-9: Download sources and javadoc] INFO  o.e.m.c.i.e.AbstractTransferListenerAdapter - Downloaded https://repo.maven.apache.org/maven2/org/apache/httpcomponents/httpcore/4.4.9/httpcore-4.4.9-sources.jar
2018-07-10 00:07:49,753 [Worker-9: Download sources and javadoc] INFO  o.e.m.j.internal.DownloadSourcesJob - Downloaded sources for org.apache.httpcomponents:httpcore:4.4.9
2018-07-10 00:07:49,775 [Worker-9: Download sources and javadoc] INFO  o.e.m.c.i.e.AbstractTransferListenerAdapter - Downloading https://repo.maven.apache.org/maven2/com/github/jsonld-java/jsonld-java/0.12.0/jsonld-java-0.12.0-sources.jar
2018-07-10 00:07:49,797 [Worker-9: Download sources and javadoc] INFO  o.e.m.c.i.e.AbstractTransferListenerAdapter - Downloaded https://repo.maven.apache.org/maven2/com/github/jsonld-java/jsonld-java/0.12.0/jsonld-java-0.12.0-sources.jar
2018-07-10 00:07:49,817 [Worker-9: Download sources and javadoc] INFO  o.e.m.j.internal.DownloadSourcesJob - Downloaded sources for com.github.jsonld-java:jsonld-java:0.12.0
2018-07-10 00:07:49,836 [Worker-9: Download sources and javadoc] INFO  o.e.m.c.i.e.AbstractTransferListenerAdapter - Downloading https://repo.maven.apache.org/maven2/com/fasterxml/jackson/core/jackson-core/2.9.5/jackson-core-2.9.5-sources.jar
2018-07-10 00:07:49,884 [Worker-9: Download sources and javadoc] INFO  o.e.m.c.i.e.AbstractTransferListenerAdapter - Downloaded https://repo.maven.apache.org/maven2/com/fasterxml/jackson/core/jackson-core/2.9.5/jackson-core-2.9.5-sources.jar
2018-07-10 00:07:49,916 [Worker-9: Download sources and javadoc] INFO  o.e.m.j.internal.DownloadSourcesJob - Downloaded sources for com.fasterxml.jackson.core:jackson-core:2.9.5
2018-07-10 00:07:49,951 [Worker-9: Download sources and javadoc] INFO  o.e.m.c.i.e.AbstractTransferListenerAdapter - Downloading https://repo.maven.apache.org/maven2/com/fasterxml/jackson/core/jackson-databind/2.9.5/jackson-databind-2.9.5-sources.jar
2018-07-10 00:07:50,072 [Worker-9: Download sources and javadoc] INFO  o.e.m.c.i.e.AbstractTransferListenerAdapter - Downloaded https://repo.maven.apache.org/maven2/com/fasterxml/jackson/core/jackson-databind/2.9.5/jackson-databind-2.9.5-sources.jar
2018-07-10 00:07:50,097 [Worker-9: Download sources and javadoc] INFO  o.e.m.j.internal.DownloadSourcesJob - Downloaded sources for com.fasterxml.jackson.core:jackson-databind:2.9.5
2018-07-10 00:07:50,122 [Worker-9: Download sources and javadoc] INFO  o.e.m.c.i.e.AbstractTransferListenerAdapter - Downloading https://repo.maven.apache.org/maven2/org/apache/httpcomponents/httpclient-cache/4.5.5/httpclient-cache-4.5.5-sources.jar
2018-07-10 00:07:50,150 [Worker-9: Download sources and javadoc] INFO  o.e.m.c.i.e.AbstractTransferListenerAdapter - Downloaded https://repo.maven.apache.org/maven2/org/apache/httpcomponents/httpclient-cache/4.5.5/httpclient-cache-4.5.5-sources.jar
2018-07-10 00:07:50,175 [Worker-9: Download sources and javadoc] INFO  o.e.m.j.internal.DownloadSourcesJob - Downloaded sources for org.apache.httpcomponents:httpclient-cache:4.5.5
2018-07-10 00:07:50,198 [Worker-9: Download sources and javadoc] INFO  o.e.m.c.i.e.AbstractTransferListenerAdapter - Downloading https://repo.maven.apache.org/maven2/commons-io/commons-io/2.2/commons-io-2.2-sources.jar
2018-07-10 00:07:50,236 [Worker-9: Download sources and javadoc] INFO  o.e.m.c.i.e.AbstractTransferListenerAdapter - Downloaded https://repo.maven.apache.org/maven2/commons-io/commons-io/2.2/commons-io-2.2-sources.jar
2018-07-10 00:07:50,256 [Worker-9: Download sources and javadoc] INFO  o.e.m.j.internal.DownloadSourcesJob - Downloaded sources for commons-io:commons-io:2.2
2018-07-10 00:07:50,493 [Worker-2: Building workspace] WARN  o.e.m.c.i.embedder.EclipseLogger - Using platform encoding (UTF-8 actually) to copy filtered resources, i.e. build is platform dependent!
2018-07-10 00:07:50,502 [Worker-2: Building workspace] INFO  o.e.m.c.i.embedder.EclipseLogger - skip non existing resourceDirectory /Users/jennifertran/eclipse-workspace/Cloud Computing/ReadOWL/startJenaFuseki/src/main/resources
2018-07-10 00:07:50,505 [Worker-2: Building workspace] WARN  o.e.m.c.i.embedder.EclipseLogger - Using platform encoding (UTF-8 actually) to copy filtered resources, i.e. build is platform dependent!
2018-07-10 00:07:50,508 [Worker-2: Building workspace] INFO  o.e.m.c.i.embedder.EclipseLogger - skip non existing resourceDirectory /Users/jennifertran/eclipse-workspace/Cloud Computing/ReadOWL/startJenaFuseki/src/test/resources
2018-07-10 00:07:57,135 [main] INFO  o.e.m.c.i.e.AbstractTransferListenerAdapter - Downloading https://repo.maven.apache.org/maven2/io/takari/m2e/workspace/org.eclipse.m2e.workspace.cli/0.3.1/org.eclipse.m2e.workspace.cli-0.3.1-sources.jar
2018-07-10 00:07:57,162 [main] INFO  o.e.m.c.i.e.AbstractTransferListenerAdapter - Downloaded https://repo.maven.apache.org/maven2/io/takari/m2e/workspace/org.eclipse.m2e.workspace.cli/0.3.1/org.eclipse.m2e.workspace.cli-0.3.1-sources.jar
2018-07-10 00:07:57,304 [main] INFO  o.e.m.c.i.e.AbstractTransferListenerAdapter - Downloading https://repo.maven.apache.org/maven2/org/codehaus/plexus/plexus-classworlds/2.5.2/plexus-classworlds-2.5.2-sources.jar
2018-07-10 00:07:57,357 [main] INFO  o.e.m.c.i.e.AbstractTransferListenerAdapter - Downloaded https://repo.maven.apache.org/maven2/org/codehaus/plexus/plexus-classworlds/2.5.2/plexus-classworlds-2.5.2-sources.jar
2018-07-10 00:07:57,505 [main] INFO  o.e.m.c.i.e.AbstractTransferListenerAdapter - Downloading https://repo.maven.apache.org/maven2/org/apache/maven/resolver/maven-resolver-util/1.1.1/maven-resolver-util-1.1.1-sources.jar
2018-07-10 00:07:57,592 [main] INFO  o.e.m.c.i.e.AbstractTransferListenerAdapter - Downloaded https://repo.maven.apache.org/maven2/org/apache/maven/resolver/maven-resolver-util/1.1.1/maven-resolver-util-1.1.1-sources.jar
2018-07-10 00:07:57,711 [main] INFO  o.e.m.c.i.e.AbstractTransferListenerAdapter - Downloading https://repo.maven.apache.org/maven2/org/apache/maven/maven-model/3.5.3/maven-model-3.5.3-sources.jar
2018-07-10 00:07:57,782 [main] INFO  o.e.m.c.i.e.AbstractTransferListenerAdapter - Downloaded https://repo.maven.apache.org/maven2/org/apache/maven/maven-model/3.5.3/maven-model-3.5.3-sources.jar
2018-07-10 00:07:57,915 [main] INFO  o.e.m.c.i.e.AbstractTransferListenerAdapter - Downloading https://repo.maven.apache.org/maven2/org/apache/maven/resolver/maven-resolver-connector-basic/1.1.1/maven-resolver-connector-basic-1.1.1-sources.jar
2018-07-10 00:07:57,956 [main] INFO  o.e.m.c.i.e.AbstractTransferListenerAdapter - Downloaded https://repo.maven.apache.org/maven2/org/apache/maven/resolver/maven-resolver-connector-basic/1.1.1/maven-resolver-connector-basic-1.1.1-sources.jar
2018-07-10 00:07:58,085 [main] INFO  o.e.m.c.i.e.AbstractTransferListenerAdapter - Downloading https://repo.maven.apache.org/maven2/org/apache/maven/maven-core/3.5.3/maven-core-3.5.3-sources.jar
2018-07-10 00:07:58,267 [main] INFO  o.e.m.c.i.e.AbstractTransferListenerAdapter - Downloaded https://repo.maven.apache.org/maven2/org/apache/maven/maven-core/3.5.3/maven-core-3.5.3-sources.jar
2018-07-10 00:07:58,386 [main] INFO  o.e.m.c.i.e.AbstractTransferListenerAdapter - Downloading https://repo.maven.apache.org/maven2/org/codehaus/plexus/plexus-interpolation/1.24/plexus-interpolation-1.24-sources.jar
2018-07-10 00:07:58,447 [main] INFO  o.e.m.c.i.e.AbstractTransferListenerAdapter - Downloaded https://repo.maven.apache.org/maven2/org/codehaus/plexus/plexus-interpolation/1.24/plexus-interpolation-1.24-sources.jar
2018-07-10 00:07:58,566 [main] INFO  o.e.m.c.i.e.AbstractTransferListenerAdapter - Downloading https://repo.maven.apache.org/maven2/org/sonatype/plexus/plexus-sec-dispatcher/1.4/plexus-sec-dispatcher-1.4-sources.jar
2018-07-10 00:07:58,596 [main] INFO  o.e.m.c.i.e.AbstractTransferListenerAdapter - Downloaded https://repo.maven.apache.org/maven2/org/sonatype/plexus/plexus-sec-dispatcher/1.4/plexus-sec-dispatcher-1.4-sources.jar
2018-07-10 00:07:58,716 [main] INFO  o.e.m.c.i.e.AbstractTransferListenerAdapter - Downloading https://repo.maven.apache.org/maven2/org/sonatype/plexus/plexus-cipher/1.7/plexus-cipher-1.7-sources.jar
2018-07-10 00:07:58,735 [main] INFO  o.e.m.c.i.e.AbstractTransferListenerAdapter - Downloaded https://repo.maven.apache.org/maven2/org/sonatype/plexus/plexus-cipher/1.7/plexus-cipher-1.7-sources.jar
2018-07-10 00:07:58,859 [main] INFO  o.e.m.c.i.e.AbstractTransferListenerAdapter - Downloading https://repo.maven.apache.org/maven2/org/apache/maven/maven-settings-builder/3.5.3/maven-settings-builder-3.5.3-sources.jar
2018-07-10 00:07:58,910 [main] INFO  o.e.m.c.i.e.AbstractTransferListenerAdapter - Downloaded https://repo.maven.apache.org/maven2/org/apache/maven/maven-settings-builder/3.5.3/maven-settings-builder-3.5.3-sources.jar
2018-07-10 00:07:59,026 [main] INFO  o.e.m.c.i.e.AbstractTransferListenerAdapter - Downloading https://repo.maven.apache.org/maven2/org/apache/maven/maven-compat/3.5.3/maven-compat-3.5.3-sources.jar
2018-07-10 00:07:59,112 [main] INFO  o.e.m.c.i.e.AbstractTransferListenerAdapter - Downloaded https://repo.maven.apache.org/maven2/org/apache/maven/maven-compat/3.5.3/maven-compat-3.5.3-sources.jar
2018-07-10 00:07:59,243 [main] INFO  o.e.m.c.i.e.AbstractTransferListenerAdapter - Downloading https://repo.maven.apache.org/maven2/org/apache/maven/maven-embedder/3.5.3/maven-embedder-3.5.3-sources.jar
2018-07-10 00:07:59,299 [main] INFO  o.e.m.c.i.e.AbstractTransferListenerAdapter - Downloaded https://repo.maven.apache.org/maven2/org/apache/maven/maven-embedder/3.5.3/maven-embedder-3.5.3-sources.jar
2018-07-10 00:07:59,412 [main] INFO  o.e.m.c.i.e.AbstractTransferListenerAdapter - Downloading https://repo.maven.apache.org/maven2/io/takari/aether/aether-connector-okhttp/0.17.3/aether-connector-okhttp-0.17.3-sources.jar
2018-07-10 00:07:59,454 [main] INFO  o.e.m.c.i.e.AbstractTransferListenerAdapter - Downloaded https://repo.maven.apache.org/maven2/io/takari/aether/aether-connector-okhttp/0.17.3/aether-connector-okhttp-0.17.3-sources.jar
2018-07-10 00:07:59,572 [main] INFO  o.e.m.c.i.e.AbstractTransferListenerAdapter - Downloading https://repo.maven.apache.org/maven2/javax/enterprise/cdi-api/1.0/cdi-api-1.0-sources.jar
2018-07-10 00:07:59,643 [main] INFO  o.e.m.c.i.e.AbstractTransferListenerAdapter - Downloaded https://repo.maven.apache.org/maven2/javax/enterprise/cdi-api/1.0/cdi-api-1.0-sources.jar
2018-07-10 00:07:59,775 [main] INFO  o.e.m.c.i.e.AbstractTransferListenerAdapter - Downloading https://repo.maven.apache.org/maven2/com/squareup/okio/okio/1.12.0/okio-1.12.0-sources.jar
2018-07-10 00:07:59,824 [main] INFO  o.e.m.c.i.e.AbstractTransferListenerAdapter - Downloaded https://repo.maven.apache.org/maven2/com/squareup/okio/okio/1.12.0/okio-1.12.0-sources.jar
2018-07-10 00:07:59,941 [main] INFO  o.e.m.c.i.e.AbstractTransferListenerAdapter - Downloading https://repo.maven.apache.org/maven2/org/apache/maven/maven-settings/3.5.3/maven-settings-3.5.3-sources.jar
2018-07-10 00:07:59,974 [main] INFO  o.e.m.c.i.e.AbstractTransferListenerAdapter - Downloaded https://repo.maven.apache.org/maven2/org/apache/maven/maven-settings/3.5.3/maven-settings-3.5.3-sources.jar
2018-07-10 00:08:00,357 [main] INFO  o.e.m.c.i.e.AbstractTransferListenerAdapter - Downloading https://repo.maven.apache.org/maven2/com/squareup/okhttp3/okhttp/3.7.0/okhttp-3.7.0-sources.jar
2018-07-10 00:08:00,466 [main] INFO  o.e.m.c.i.e.AbstractTransferListenerAdapter - Downloaded https://repo.maven.apache.org/maven2/com/squareup/okhttp3/okhttp/3.7.0/okhttp-3.7.0-sources.jar
2018-07-10 00:08:00,596 [main] INFO  o.e.m.c.i.e.AbstractTransferListenerAdapter - Downloading https://repo.maven.apache.org/maven2/org/apache/maven/resolver/maven-resolver-api/1.1.1/maven-resolver-api-1.1.1-sources.jar
2018-07-10 00:08:00,697 [main] INFO  o.e.m.c.i.e.AbstractTransferListenerAdapter - Downloaded https://repo.maven.apache.org/maven2/org/apache/maven/resolver/maven-resolver-api/1.1.1/maven-resolver-api-1.1.1-sources.jar
2018-07-10 00:08:00,812 [main] INFO  o.e.m.c.i.e.AbstractTransferListenerAdapter - Downloading https://repo.maven.apache.org/maven2/org/codehaus/plexus/plexus-component-annotations/1.7.1/plexus-component-annotations-1.7.1-sources.jar
2018-07-10 00:08:00,843 [main] INFO  o.e.m.c.i.e.AbstractTransferListenerAdapter - Downloaded https://repo.maven.apache.org/maven2/org/codehaus/plexus/plexus-component-annotations/1.7.1/plexus-component-annotations-1.7.1-sources.jar
2018-07-10 00:08:00,975 [main] INFO  o.e.m.c.i.e.AbstractTransferListenerAdapter - Downloading https://repo.maven.apache.org/maven2/org/apache/maven/resolver/maven-resolver-impl/1.1.1/maven-resolver-impl-1.1.1-sources.jar
2018-07-10 00:08:01,045 [main] INFO  o.e.m.c.i.e.AbstractTransferListenerAdapter - Downloaded https://repo.maven.apache.org/maven2/org/apache/maven/resolver/maven-resolver-impl/1.1.1/maven-resolver-impl-1.1.1-sources.jar
2018-07-10 00:08:01,158 [main] INFO  o.e.m.c.i.e.AbstractTransferListenerAdapter - Downloading https://repo.maven.apache.org/maven2/org/apache/maven/wagon/wagon-file/3.0.0/wagon-file-3.0.0-sources.jar
2018-07-10 00:08:01,182 [main] INFO  o.e.m.c.i.e.AbstractTransferListenerAdapter - Downloaded https://repo.maven.apache.org/maven2/org/apache/maven/wagon/wagon-file/3.0.0/wagon-file-3.0.0-sources.jar
2018-07-10 00:08:01,306 [main] INFO  o.e.m.c.i.e.AbstractTransferListenerAdapter - Downloading https://repo.maven.apache.org/maven2/org/apache/maven/maven-resolver-provider/3.5.3/maven-resolver-provider-3.5.3-sources.jar
2018-07-10 00:08:01,358 [main] INFO  o.e.m.c.i.e.AbstractTransferListenerAdapter - Downloaded https://repo.maven.apache.org/maven2/org/apache/maven/maven-resolver-provider/3.5.3/maven-resolver-provider-3.5.3-sources.jar
2018-07-10 00:08:01,469 [main] INFO  o.e.m.c.i.e.AbstractTransferListenerAdapter - Downloading https://repo.maven.apache.org/maven2/org/apache/maven/resolver/maven-resolver-transport-wagon/1.1.1/maven-resolver-transport-wagon-1.1.1-sources.jar
2018-07-10 00:08:01,507 [main] INFO  o.e.m.c.i.e.AbstractTransferListenerAdapter - Downloaded https://repo.maven.apache.org/maven2/org/apache/maven/resolver/maven-resolver-transport-wagon/1.1.1/maven-resolver-transport-wagon-1.1.1-sources.jar
2018-07-10 00:08:01,629 [main] INFO  o.e.m.c.i.e.AbstractTransferListenerAdapter - Downloading https://repo.maven.apache.org/maven2/org/apache/commons/commons-lang3/3.5/commons-lang3-3.5-sources.jar
2018-07-10 00:08:01,811 [main] INFO  o.e.m.c.i.e.AbstractTransferListenerAdapter - Downloaded https://repo.maven.apache.org/maven2/org/apache/commons/commons-lang3/3.5/commons-lang3-3.5-sources.jar
2018-07-10 00:08:01,932 [main] INFO  o.e.m.c.i.e.AbstractTransferListenerAdapter - Downloading https://repo.maven.apache.org/maven2/com/google/guava/guava/20.0/guava-20.0-sources.jar
2018-07-10 00:08:02,283 [main] INFO  o.e.m.c.i.e.AbstractTransferListenerAdapter - Downloaded https://repo.maven.apache.org/maven2/com/google/guava/guava/20.0/guava-20.0-sources.jar
2018-07-10 00:08:02,407 [main] INFO  o.e.m.c.i.e.AbstractTransferListenerAdapter - Downloading https://repo.maven.apache.org/maven2/org/apache/maven/resolver/maven-resolver-spi/1.1.1/maven-resolver-spi-1.1.1-sources.jar
2018-07-10 00:08:02,463 [main] INFO  o.e.m.c.i.e.AbstractTransferListenerAdapter - Downloaded https://repo.maven.apache.org/maven2/org/apache/maven/resolver/maven-resolver-spi/1.1.1/maven-resolver-spi-1.1.1-sources.jar
2018-07-10 00:08:02,581 [main] INFO  o.e.m.c.i.e.AbstractTransferListenerAdapter - Downloading https://repo.maven.apache.org/maven2/org/apache/maven/maven-artifact/3.5.3/maven-artifact-3.5.3-sources.jar
2018-07-10 00:08:02,634 [main] INFO  o.e.m.c.i.e.AbstractTransferListenerAdapter - Downloaded https://repo.maven.apache.org/maven2/org/apache/maven/maven-artifact/3.5.3/maven-artifact-3.5.3-sources.jar
2018-07-10 00:08:02,751 [main] INFO  o.e.m.c.i.e.AbstractTransferListenerAdapter - Downloading https://repo.maven.apache.org/maven2/org/codehaus/plexus/plexus-utils/3.1.0/plexus-utils-3.1.0-sources.jar
2018-07-10 00:08:02,865 [main] INFO  o.e.m.c.i.e.AbstractTransferListenerAdapter - Downloaded https://repo.maven.apache.org/maven2/org/codehaus/plexus/plexus-utils/3.1.0/plexus-utils-3.1.0-sources.jar
2018-07-10 00:08:02,999 [main] INFO  o.e.m.c.i.e.AbstractTransferListenerAdapter - Downloading https://repo.maven.apache.org/maven2/org/apache/maven/maven-repository-metadata/3.5.3/maven-repository-metadata-3.5.3-sources.jar
2018-07-10 00:08:03,038 [main] INFO  o.e.m.c.i.e.AbstractTransferListenerAdapter - Downloaded https://repo.maven.apache.org/maven2/org/apache/maven/maven-repository-metadata/3.5.3/maven-repository-metadata-3.5.3-sources.jar
2018-07-10 00:08:03,152 [main] INFO  o.e.m.c.i.e.AbstractTransferListenerAdapter - Downloading https://repo.maven.apache.org/maven2/org/apache/maven/wagon/wagon-provider-api/3.0.0/wagon-provider-api-3.0.0-sources.jar
2018-07-10 00:08:03,208 [main] INFO  o.e.m.c.i.e.AbstractTransferListenerAdapter - Downloaded https://repo.maven.apache.org/maven2/org/apache/maven/wagon/wagon-provider-api/3.0.0/wagon-provider-api-3.0.0-sources.jar
2018-07-10 00:08:03,323 [main] INFO  o.e.m.c.i.e.AbstractTransferListenerAdapter - Downloading https://repo.maven.apache.org/maven2/org/apache/maven/maven-builder-support/3.5.3/maven-builder-support-3.5.3-sources.jar
2018-07-10 00:08:03,359 [main] INFO  o.e.m.c.i.e.AbstractTransferListenerAdapter - Downloaded https://repo.maven.apache.org/maven2/org/apache/maven/maven-builder-support/3.5.3/maven-builder-support-3.5.3-sources.jar
2018-07-10 00:08:03,477 [main] INFO  o.e.m.c.i.e.AbstractTransferListenerAdapter - Downloading https://repo.maven.apache.org/maven2/org/apache/maven/shared/maven-shared-utils/3.2.1/maven-shared-utils-3.2.1-sources.jar
2018-07-10 00:08:03,564 [main] INFO  o.e.m.c.i.e.AbstractTransferListenerAdapter - Downloaded https://repo.maven.apache.org/maven2/org/apache/maven/shared/maven-shared-utils/3.2.1/maven-shared-utils-3.2.1-sources.jar
2018-07-10 00:08:03,682 [main] INFO  o.e.m.c.i.e.AbstractTransferListenerAdapter - Downloading https://repo.maven.apache.org/maven2/org/apache/maven/maven-model-builder/3.5.3/maven-model-builder-3.5.3-sources.jar
2018-07-10 00:08:03,756 [main] INFO  o.e.m.c.i.e.AbstractTransferListenerAdapter - Downloaded https://repo.maven.apache.org/maven2/org/apache/maven/maven-model-builder/3.5.3/maven-model-builder-3.5.3-sources.jar
2018-07-10 00:08:03,873 [main] INFO  o.e.m.c.i.e.AbstractTransferListenerAdapter - Downloading https://repo.maven.apache.org/maven2/org/apache/maven/maven-plugin-api/3.5.3/maven-plugin-api-3.5.3-sources.jar
2018-07-10 00:08:03,925 [main] INFO  o.e.m.c.i.e.AbstractTransferListenerAdapter - Downloaded https://repo.maven.apache.org/maven2/org/apache/maven/maven-plugin-api/3.5.3/maven-plugin-api-3.5.3-sources.jar
2018-07-10 00:08:04,050 [main] INFO  o.e.m.c.i.e.AbstractTransferListenerAdapter - Downloading https://repo.maven.apache.org/maven2/org/slf4j/slf4j-simple/1.7.5/slf4j-simple-1.7.5-sources.jar
2018-07-10 00:08:04,076 [main] INFO  o.e.m.c.i.e.AbstractTransferListenerAdapter - Downloaded https://repo.maven.apache.org/maven2/org/slf4j/slf4j-simple/1.7.5/slf4j-simple-1.7.5-sources.jar
2018-07-10 00:08:26,341 [Worker-15: Launching startJenaFuseki] INFO  o.e.m.i.launch.MavenLaunchDelegate - /Users/jennifertran/eclipse-workspace/Cloud Computing/ReadOWL/startJenaFuseki
2018-07-10 00:08:26,342 [Worker-15: Launching startJenaFuseki] INFO  o.e.m.i.launch.MavenLaunchDelegate -  mvn -B 
2018-07-10 00:08:26,628 [Worker-20: Building workspace] WARN  o.e.m.c.i.embedder.EclipseLogger - Using platform encoding (UTF-8 actually) to copy filtered resources, i.e. build is platform dependent!
2018-07-10 00:08:26,632 [Worker-20: Building workspace] INFO  o.e.m.c.i.embedder.EclipseLogger - skip non existing resourceDirectory /Users/jennifertran/eclipse-workspace/Cloud Computing/ReadOWL/startJenaFuseki/src/main/resources
2018-07-10 00:08:26,634 [Worker-20: Building workspace] WARN  o.e.m.c.i.embedder.EclipseLogger - Using platform encoding (UTF-8 actually) to copy filtered resources, i.e. build is platform dependent!
2018-07-10 00:08:26,635 [Worker-20: Building workspace] INFO  o.e.m.c.i.embedder.EclipseLogger - skip non existing resourceDirectory /Users/jennifertran/eclipse-workspace/Cloud Computing/ReadOWL/startJenaFuseki/src/test/resources
2018-07-10 00:12:42,521 [Worker-2: Building workspace] WARN  o.e.m.c.i.embedder.EclipseLogger - Using platform encoding (UTF-8 actually) to copy filtered resources, i.e. build is platform dependent!
2018-07-10 00:12:42,526 [Worker-2: Building workspace] INFO  o.e.m.c.i.embedder.EclipseLogger - skip non existing resourceDirectory /Users/jennifertran/eclipse-workspace/Cloud Computing/ReadOWL/startJenaFuseki/src/main/resources
2018-07-10 00:12:42,528 [Worker-2: Building workspace] WARN  o.e.m.c.i.embedder.EclipseLogger - Using platform encoding (UTF-8 actually) to copy filtered resources, i.e. build is platform dependent!
2018-07-10 00:12:42,529 [Worker-2: Building workspace] INFO  o.e.m.c.i.embedder.EclipseLogger - skip non existing resourceDirectory /Users/jennifertran/eclipse-workspace/Cloud Computing/ReadOWL/startJenaFuseki/src/test/resources
2018-07-10 00:12:50,835 [Worker-2: Building workspace] WARN  o.e.m.c.i.embedder.EclipseLogger - Using platform encoding (UTF-8 actually) to copy filtered resources, i.e. build is platform dependent!
2018-07-10 00:12:50,837 [Worker-2: Building workspace] INFO  o.e.m.c.i.embedder.EclipseLogger - skip non existing resourceDirectory /Users/jennifertran/eclipse-workspace/Cloud Computing/ReadOWL/startJenaFuseki/src/main/resources
2018-07-10 00:12:50,839 [Worker-2: Building workspace] WARN  o.e.m.c.i.embedder.EclipseLogger - Using platform encoding (UTF-8 actually) to copy filtered resources, i.e. build is platform dependent!
2018-07-10 00:12:50,840 [Worker-2: Building workspace] INFO  o.e.m.c.i.embedder.EclipseLogger - skip non existing resourceDirectory /Users/jennifertran/eclipse-workspace/Cloud Computing/ReadOWL/startJenaFuseki/src/test/resources
2018-07-10 08:57:18,741 [Worker-15: Building workspace] WARN  o.e.m.c.i.embedder.EclipseLogger - Using platform encoding (UTF-8 actually) to copy filtered resources, i.e. build is platform dependent!
2018-07-10 08:57:18,750 [Worker-15: Building workspace] INFO  o.e.m.c.i.embedder.EclipseLogger - skip non existing resourceDirectory /Users/jennifertran/eclipse-workspace/Cloud Computing/ReadOWL/startJenaFuseki/src/main/resources
2018-07-10 08:57:18,755 [Worker-15: Building workspace] WARN  o.e.m.c.i.embedder.EclipseLogger - Using platform encoding (UTF-8 actually) to copy filtered resources, i.e. build is platform dependent!
2018-07-10 08:57:18,756 [Worker-15: Building workspace] INFO  o.e.m.c.i.embedder.EclipseLogger - skip non existing resourceDirectory /Users/jennifertran/eclipse-workspace/Cloud Computing/ReadOWL/startJenaFuseki/src/test/resources
2018-07-10 08:57:37,852 [Worker-15: Launching Executing install in _Users_jennifertran_eclipse-workspace_Cloud Computing_ReadOWL_startJenaFuseki] INFO  o.e.m.i.launch.MavenLaunchDelegate - /Users/jennifertran/eclipse-workspace/Cloud Computing/ReadOWL/startJenaFuseki
2018-07-10 08:57:37,852 [Worker-15: Launching Executing install in _Users_jennifertran_eclipse-workspace_Cloud Computing_ReadOWL_startJenaFuseki] INFO  o.e.m.i.launch.MavenLaunchDelegate -  mvn -B install
2018-07-10 08:57:43,528 [Worker-15: Building workspace] WARN  o.e.m.c.i.embedder.EclipseLogger - Using platform encoding (UTF-8 actually) to copy filtered resources, i.e. build is platform dependent!
2018-07-10 08:57:43,530 [Worker-15: Building workspace] INFO  o.e.m.c.i.embedder.EclipseLogger - skip non existing resourceDirectory /Users/jennifertran/eclipse-workspace/Cloud Computing/ReadOWL/startJenaFuseki/src/main/resources
2018-07-10 08:57:43,534 [Worker-15: Building workspace] WARN  o.e.m.c.i.embedder.EclipseLogger - Using platform encoding (UTF-8 actually) to copy filtered resources, i.e. build is platform dependent!
2018-07-10 08:57:43,535 [Worker-15: Building workspace] INFO  o.e.m.c.i.embedder.EclipseLogger - skip non existing resourceDirectory /Users/jennifertran/eclipse-workspace/Cloud Computing/ReadOWL/startJenaFuseki/src/test/resources
2018-07-10 09:02:59,947 [Worker-9: Building workspace] INFO  o.e.m.c.i.l.LifecycleMappingFactory - Using org.eclipse.m2e.jdt.JarLifecycleMapping lifecycle mapping for MavenProject: startJenaFuseki:startJenaFuseki:0.0.1-SNAPSHOT @ /Users/jennifertran/eclipse-workspace/Cloud Computing/ReadOWL/startJenaFuseki/pom.xml.
2018-07-10 09:03:00,401 [Worker-9: Building workspace] WARN  o.e.m.c.i.embedder.EclipseLogger - Using platform encoding (UTF-8 actually) to copy filtered resources, i.e. build is platform dependent!
2018-07-10 09:03:00,407 [Worker-9: Building workspace] INFO  o.e.m.c.i.embedder.EclipseLogger - skip non existing resourceDirectory /Users/jennifertran/eclipse-workspace/Cloud Computing/ReadOWL/startJenaFuseki/src/main/resources
2018-07-10 09:03:00,411 [Worker-9: Building workspace] WARN  o.e.m.c.i.embedder.EclipseLogger - Using platform encoding (UTF-8 actually) to copy filtered resources, i.e. build is platform dependent!
2018-07-10 09:03:00,413 [Worker-9: Building workspace] INFO  o.e.m.c.i.embedder.EclipseLogger - skip non existing resourceDirectory /Users/jennifertran/eclipse-workspace/Cloud Computing/ReadOWL/startJenaFuseki/src/test/resources
2018-07-10 09:03:01,653 [Worker-15: Building workspace] WARN  o.e.m.c.i.embedder.EclipseLogger - Using platform encoding (UTF-8 actually) to copy filtered resources, i.e. build is platform dependent!
2018-07-10 09:03:01,655 [Worker-15: Building workspace] INFO  o.e.m.c.i.embedder.EclipseLogger - skip non existing resourceDirectory /Users/jennifertran/eclipse-workspace/Cloud Computing/ReadOWL/startJenaFuseki/src/main/resources
2018-07-10 09:03:01,659 [Worker-15: Building workspace] WARN  o.e.m.c.i.embedder.EclipseLogger - Using platform encoding (UTF-8 actually) to copy filtered resources, i.e. build is platform dependent!
2018-07-10 09:03:01,660 [Worker-15: Building workspace] INFO  o.e.m.c.i.embedder.EclipseLogger - skip non existing resourceDirectory /Users/jennifertran/eclipse-workspace/Cloud Computing/ReadOWL/startJenaFuseki/src/test/resources
2018-07-10 09:03:11,878 [Worker-15: Building workspace] WARN  o.e.m.c.i.embedder.EclipseLogger - Using platform encoding (UTF-8 actually) to copy filtered resources, i.e. build is platform dependent!
2018-07-10 09:03:11,880 [Worker-15: Building workspace] INFO  o.e.m.c.i.embedder.EclipseLogger - skip non existing resourceDirectory /Users/jennifertran/eclipse-workspace/Cloud Computing/ReadOWL/startJenaFuseki/src/main/resources
2018-07-10 09:03:11,882 [Worker-15: Building workspace] WARN  o.e.m.c.i.embedder.EclipseLogger - Using platform encoding (UTF-8 actually) to copy filtered resources, i.e. build is platform dependent!
2018-07-10 09:03:11,883 [Worker-15: Building workspace] INFO  o.e.m.c.i.embedder.EclipseLogger - skip non existing resourceDirectory /Users/jennifertran/eclipse-workspace/Cloud Computing/ReadOWL/startJenaFuseki/src/test/resources
2018-07-10 09:03:21,368 [Worker-9: Launching Executing install in _Users_jennifertran_eclipse-workspace_Cloud Computing_ReadOWL_startJenaFuseki] INFO  o.e.m.i.launch.MavenLaunchDelegate - /Users/jennifertran/eclipse-workspace/Cloud Computing/ReadOWL/startJenaFuseki
2018-07-10 09:03:21,368 [Worker-9: Launching Executing install in _Users_jennifertran_eclipse-workspace_Cloud Computing_ReadOWL_startJenaFuseki] INFO  o.e.m.i.launch.MavenLaunchDelegate -  mvn -B install
2018-07-10 09:03:25,720 [Worker-15: Building workspace] WARN  o.e.m.c.i.embedder.EclipseLogger - Using platform encoding (UTF-8 actually) to copy filtered resources, i.e. build is platform dependent!
2018-07-10 09:03:25,730 [Worker-15: Building workspace] INFO  o.e.m.c.i.embedder.EclipseLogger - skip non existing resourceDirectory /Users/jennifertran/eclipse-workspace/Cloud Computing/ReadOWL/startJenaFuseki/src/main/resources
2018-07-10 09:03:25,731 [Worker-15: Building workspace] WARN  o.e.m.c.i.embedder.EclipseLogger - Using platform encoding (UTF-8 actually) to copy filtered resources, i.e. build is platform dependent!
2018-07-10 09:03:25,732 [Worker-15: Building workspace] INFO  o.e.m.c.i.embedder.EclipseLogger - skip non existing resourceDirectory /Users/jennifertran/eclipse-workspace/Cloud Computing/ReadOWL/startJenaFuseki/src/test/resources
2018-07-10 09:03:51,257 [main] INFO  o.e.m2e.actions.ExecutePomAction - Using existing launch configuration
2018-07-10 09:04:05,139 [Worker-26: Launching Executing install in _Users_jennifertran_eclipse-workspace_Cloud Computing_ReadOWL_startJenaFuseki] INFO  o.e.m.i.launch.MavenLaunchDelegate - /Users/jennifertran/eclipse-workspace/Cloud Computing/ReadOWL/startJenaFuseki
2018-07-10 09:04:05,146 [Worker-26: Launching Executing install in _Users_jennifertran_eclipse-workspace_Cloud Computing_ReadOWL_startJenaFuseki] INFO  o.e.m.i.launch.MavenLaunchDelegate -  mvn -B install
2018-07-10 09:04:09,464 [Worker-28: Building workspace] WARN  o.e.m.c.i.embedder.EclipseLogger - Using platform encoding (UTF-8 actually) to copy filtered resources, i.e. build is platform dependent!
2018-07-10 09:04:09,468 [Worker-28: Building workspace] INFO  o.e.m.c.i.embedder.EclipseLogger - skip non existing resourceDirectory /Users/jennifertran/eclipse-workspace/Cloud Computing/ReadOWL/startJenaFuseki/src/main/resources
2018-07-10 09:04:09,470 [Worker-28: Building workspace] WARN  o.e.m.c.i.embedder.EclipseLogger - Using platform encoding (UTF-8 actually) to copy filtered resources, i.e. build is platform dependent!
2018-07-10 09:04:09,471 [Worker-28: Building workspace] INFO  o.e.m.c.i.embedder.EclipseLogger - skip non existing resourceDirectory /Users/jennifertran/eclipse-workspace/Cloud Computing/ReadOWL/startJenaFuseki/src/test/resources
2018-07-10 09:04:15,737 [main] INFO  o.e.m2e.actions.ExecutePomAction - Using existing launch configuration
2018-07-10 09:04:53,153 [Worker-26: Building workspace] WARN  o.e.m.c.i.embedder.EclipseLogger - Using platform encoding (UTF-8 actually) to copy filtered resources, i.e. build is platform dependent!
2018-07-10 09:04:53,155 [Worker-26: Building workspace] INFO  o.e.m.c.i.embedder.EclipseLogger - skip non existing resourceDirectory /Users/jennifertran/eclipse-workspace/Cloud Computing/ReadOWL/startJenaFuseki/src/main/resources
2018-07-10 09:04:53,156 [Worker-26: Building workspace] WARN  o.e.m.c.i.embedder.EclipseLogger - Using platform encoding (UTF-8 actually) to copy filtered resources, i.e. build is platform dependent!
2018-07-10 09:04:53,157 [Worker-26: Building workspace] INFO  o.e.m.c.i.embedder.EclipseLogger - skip non existing resourceDirectory /Users/jennifertran/eclipse-workspace/Cloud Computing/ReadOWL/startJenaFuseki/src/test/resources
2018-07-10 09:07:01,463 [Worker-9: Building workspace] INFO  o.e.m.c.i.l.LifecycleMappingFactory - Using org.eclipse.m2e.jdt.JarLifecycleMapping lifecycle mapping for MavenProject: startJenaFuseki:startJenaFuseki:0.0.1-SNAPSHOT @ /Users/jennifertran/eclipse-workspace/Cloud Computing/ReadOWL/startJenaFuseki/pom.xml.
2018-07-10 09:07:01,802 [Worker-9: Building workspace] INFO  o.e.m.c.i.embedder.EclipseLogger - Using 'UTF-8' encoding to copy filtered resources.
2018-07-10 09:07:01,802 [Worker-9: Building workspace] INFO  o.e.m.c.i.embedder.EclipseLogger - skip non existing resourceDirectory /Users/jennifertran/eclipse-workspace/Cloud Computing/ReadOWL/startJenaFuseki/src/main/resources
2018-07-10 09:07:01,807 [Worker-9: Building workspace] INFO  o.e.m.c.i.embedder.EclipseLogger - Using 'UTF-8' encoding to copy filtered resources.
2018-07-10 09:07:01,807 [Worker-9: Building workspace] INFO  o.e.m.c.i.embedder.EclipseLogger - skip non existing resourceDirectory /Users/jennifertran/eclipse-workspace/Cloud Computing/ReadOWL/startJenaFuseki/src/test/resources
2018-07-10 09:07:11,582 [Worker-26: Launching Executing install in _Users_jennifertran_eclipse-workspace_Cloud Computing_ReadOWL_startJenaFuseki] INFO  o.e.m.i.launch.MavenLaunchDelegate - /Users/jennifertran/eclipse-workspace/Cloud Computing/ReadOWL/startJenaFuseki
2018-07-10 09:07:11,582 [Worker-26: Launching Executing install in _Users_jennifertran_eclipse-workspace_Cloud Computing_ReadOWL_startJenaFuseki] INFO  o.e.m.i.launch.MavenLaunchDelegate -  mvn -B install
2018-07-10 09:07:15,965 [Worker-28: Building workspace] INFO  o.e.m.c.i.embedder.EclipseLogger - Using 'UTF-8' encoding to copy filtered resources.
2018-07-10 09:07:15,965 [Worker-28: Building workspace] INFO  o.e.m.c.i.embedder.EclipseLogger - skip non existing resourceDirectory /Users/jennifertran/eclipse-workspace/Cloud Computing/ReadOWL/startJenaFuseki/src/main/resources
2018-07-10 09:07:15,966 [Worker-28: Building workspace] INFO  o.e.m.c.i.embedder.EclipseLogger - Using 'UTF-8' encoding to copy filtered resources.
2018-07-10 09:07:15,967 [Worker-28: Building workspace] INFO  o.e.m.c.i.embedder.EclipseLogger - skip non existing resourceDirectory /Users/jennifertran/eclipse-workspace/Cloud Computing/ReadOWL/startJenaFuseki/src/test/resources
2018-07-10 09:08:18,129 [Worker-27: Building workspace] ERROR o.e.m.c.i.p.r.ProjectRegistryManager - Could not read pom.xml
org.eclipse.core.runtime.CoreException: Could not read pom.xml
	at org.eclipse.m2e.core.internal.embedder.MavenImpl.readModel(MavenImpl.java:565) ~[org.eclipse.m2e.core_1.9.0.20180606-2036.jar:na]
	at org.eclipse.m2e.core.internal.embedder.MavenImpl.readModel(MavenImpl.java:574) ~[org.eclipse.m2e.core_1.9.0.20180606-2036.jar:na]
	at org.eclipse.m2e.core.internal.project.registry.ProjectRegistryManager.refreshPhase2(ProjectRegistryManager.java:542) [org.eclipse.m2e.core_1.9.0.20180606-2036.jar:na]
	at org.eclipse.m2e.core.internal.project.registry.ProjectRegistryManager.refresh(ProjectRegistryManager.java:498) [org.eclipse.m2e.core_1.9.0.20180606-2036.jar:na]
	at org.eclipse.m2e.core.internal.project.registry.ProjectRegistryManager.refresh(ProjectRegistryManager.java:351) [org.eclipse.m2e.core_1.9.0.20180606-2036.jar:na]
	at org.eclipse.m2e.core.internal.project.registry.ProjectRegistryManager.refresh(ProjectRegistryManager.java:298) [org.eclipse.m2e.core_1.9.0.20180606-2036.jar:na]
	at org.eclipse.m2e.core.internal.builder.MavenBuilder$BuildMethod.getProjectFacade(MavenBuilder.java:154) [org.eclipse.m2e.core_1.9.0.20180606-2036.jar:na]
	at org.eclipse.m2e.core.internal.builder.MavenBuilder$BuildMethod$1.call(MavenBuilder.java:89) [org.eclipse.m2e.core_1.9.0.20180606-2036.jar:na]
	at org.eclipse.m2e.core.internal.embedder.MavenExecutionContext.executeBare(MavenExecutionContext.java:177) [org.eclipse.m2e.core_1.9.0.20180606-2036.jar:na]
	at org.eclipse.m2e.core.internal.embedder.MavenExecutionContext.execute(MavenExecutionContext.java:151) [org.eclipse.m2e.core_1.9.0.20180606-2036.jar:na]
	at org.eclipse.m2e.core.internal.embedder.MavenExecutionContext.execute(MavenExecutionContext.java:99) [org.eclipse.m2e.core_1.9.0.20180606-2036.jar:na]
	at org.eclipse.m2e.core.internal.builder.MavenBuilder$BuildMethod.execute(MavenBuilder.java:86) [org.eclipse.m2e.core_1.9.0.20180606-2036.jar:na]
	at org.eclipse.m2e.core.internal.builder.MavenBuilder.build(MavenBuilder.java:200) [org.eclipse.m2e.core_1.9.0.20180606-2036.jar:na]
	at org.eclipse.core.internal.events.BuildManager$2.run(BuildManager.java:795) [org.eclipse.core.resources_3.13.0.v20180512-1138.jar:na]
	at org.eclipse.core.runtime.SafeRunner.run(SafeRunner.java:42) [org.eclipse.equinox.common_3.10.0.v20180412-1130.jar:na]
	at org.eclipse.core.internal.events.BuildManager.basicBuild(BuildManager.java:216) [org.eclipse.core.resources_3.13.0.v20180512-1138.jar:na]
	at org.eclipse.core.internal.events.BuildManager.basicBuild(BuildManager.java:259) [org.eclipse.core.resources_3.13.0.v20180512-1138.jar:na]
	at org.eclipse.core.internal.events.BuildManager$1.run(BuildManager.java:312) [org.eclipse.core.resources_3.13.0.v20180512-1138.jar:na]
	at org.eclipse.core.runtime.SafeRunner.run(SafeRunner.java:42) [org.eclipse.equinox.common_3.10.0.v20180412-1130.jar:na]
	at org.eclipse.core.internal.events.BuildManager.basicBuild(BuildManager.java:315) [org.eclipse.core.resources_3.13.0.v20180512-1138.jar:na]
	at org.eclipse.core.internal.events.BuildManager.basicBuildLoop(BuildManager.java:367) [org.eclipse.core.resources_3.13.0.v20180512-1138.jar:na]
	at org.eclipse.core.internal.events.BuildManager.build(BuildManager.java:388) [org.eclipse.core.resources_3.13.0.v20180512-1138.jar:na]
	at org.eclipse.core.internal.events.AutoBuildJob.doBuild(AutoBuildJob.java:142) [org.eclipse.core.resources_3.13.0.v20180512-1138.jar:na]
	at org.eclipse.core.internal.events.AutoBuildJob.run(AutoBuildJob.java:232) [org.eclipse.core.resources_3.13.0.v20180512-1138.jar:na]
	at org.eclipse.core.internal.jobs.Worker.run(Worker.java:60) [org.eclipse.core.jobs_3.10.0.v20180427-1454.jar:na]
Caused by: org.apache.maven.model.io.ModelParseException: Duplicated tag: 'artifactId' (position: START_TAG seen ...</version>\n  <artifactId>... @6:15) 
	at org.apache.maven.model.io.DefaultModelReader.read(DefaultModelReader.java:114) ~[maven-model-builder-3.5.3.jar:3.5.3]
	at org.apache.maven.model.io.DefaultModelReader.read(DefaultModelReader.java:82) ~[maven-model-builder-3.5.3.jar:3.5.3]
	at org.eclipse.m2e.core.internal.embedder.MavenImpl.readModel(MavenImpl.java:563) ~[org.eclipse.m2e.core_1.9.0.20180606-2036.jar:na]
	... 24 common frames omitted
Caused by: org.codehaus.plexus.util.xml.pull.XmlPullParserException: Duplicated tag: 'artifactId' (position: START_TAG seen ...</version>\n  <artifactId>... @6:15) 
	at org.apache.maven.model.io.xpp3.MavenXpp3Reader.checkFieldWithDuplicate(MavenXpp3Reader.java:140) ~[maven-model-3.5.3.jar:3.5.3]
	at org.apache.maven.model.io.xpp3.MavenXpp3Reader.parseModel(MavenXpp3Reader.java:2082) ~[maven-model-3.5.3.jar:3.5.3]
	at org.apache.maven.model.io.xpp3.MavenXpp3Reader.read(MavenXpp3Reader.java:3852) ~[maven-model-3.5.3.jar:3.5.3]
	at org.apache.maven.model.io.xpp3.MavenXpp3Reader.read(MavenXpp3Reader.java:595) ~[maven-model-3.5.3.jar:3.5.3]
	at org.apache.maven.model.io.DefaultModelReader.read(DefaultModelReader.java:109) ~[maven-model-builder-3.5.3.jar:3.5.3]
	... 26 common frames omitted
2018-07-10 09:09:54,356 [main] ERROR o.e.m.c.u.i.a.AddDependencyAction - Can't add dependency to L/startJenaFuseki/pom.xml
java.lang.NullPointerException: null
	at org.eclipse.m2e.core.ui.internal.editing.PomEdits.performOnDOMDocument(PomEdits.java:477) ~[org.eclipse.m2e.core.ui_1.9.0.20180606-2036.jar:na]
	at org.eclipse.m2e.core.ui.internal.actions.AddDependencyAction.run(AddDependencyAction.java:92) ~[org.eclipse.m2e.core.ui_1.9.0.20180606-2036.jar:na]
	at org.eclipse.ui.internal.PluginAction.runWithEvent(PluginAction.java:247) [org.eclipse.ui.workbench_3.111.0.v20180524-1156.jar:na]
	at org.eclipse.jface.action.ActionContributionItem.handleWidgetSelection(ActionContributionItem.java:565) [org.eclipse.jface_3.14.0.v20180423-0714.jar:na]
	at org.eclipse.jface.action.ActionContributionItem.lambda$4(ActionContributionItem.java:397) [org.eclipse.jface_3.14.0.v20180423-0714.jar:na]
	at org.eclipse.swt.widgets.EventTable.sendEvent(EventTable.java:86) ~[org.eclipse.swt.cocoa.macosx.x86_64_3.107.0.v20180611-0422.jar:na]
	at org.eclipse.swt.widgets.Display.sendEvent(Display.java:4247) ~[org.eclipse.swt.cocoa.macosx.x86_64_3.107.0.v20180611-0422.jar:na]
	at org.eclipse.swt.widgets.Widget.sendEvent(Widget.java:1508) ~[org.eclipse.swt.cocoa.macosx.x86_64_3.107.0.v20180611-0422.jar:na]
	at org.eclipse.swt.widgets.Widget.sendEvent(Widget.java:1531) ~[org.eclipse.swt.cocoa.macosx.x86_64_3.107.0.v20180611-0422.jar:na]
	at org.eclipse.swt.widgets.Widget.sendEvent(Widget.java:1516) ~[org.eclipse.swt.cocoa.macosx.x86_64_3.107.0.v20180611-0422.jar:na]
	at org.eclipse.swt.widgets.Widget.notifyListeners(Widget.java:1320) ~[org.eclipse.swt.cocoa.macosx.x86_64_3.107.0.v20180611-0422.jar:na]
	at org.eclipse.swt.widgets.Display.runDeferredEvents(Display.java:4091) ~[org.eclipse.swt.cocoa.macosx.x86_64_3.107.0.v20180611-0422.jar:na]
	at org.eclipse.swt.widgets.Display.readAndDispatch(Display.java:3712) ~[org.eclipse.swt.cocoa.macosx.x86_64_3.107.0.v20180611-0422.jar:na]
	at org.eclipse.e4.ui.internal.workbench.swt.PartRenderingEngine$5.run(PartRenderingEngine.java:1170) ~[na:na]
	at org.eclipse.core.databinding.observable.Realm.runWithDefault(Realm.java:336) ~[na:na]
	at org.eclipse.e4.ui.internal.workbench.swt.PartRenderingEngine.run(PartRenderingEngine.java:1059) ~[na:na]
	at org.eclipse.e4.ui.internal.workbench.E4Workbench.createAndRunUI(E4Workbench.java:153) ~[na:na]
	at org.eclipse.ui.internal.Workbench.lambda$3(Workbench.java:667) ~[na:na]
	at org.eclipse.core.databinding.observable.Realm.runWithDefault(Realm.java:336) ~[na:na]
	at org.eclipse.ui.internal.Workbench.createAndRunWorkbench(Workbench.java:597) ~[na:na]
	at org.eclipse.ui.PlatformUI.createAndRunWorkbench(PlatformUI.java:148) ~[na:na]
	at org.eclipse.ui.internal.ide.application.IDEApplication.start(IDEApplication.java:152) ~[na:na]
	at org.eclipse.equinox.internal.app.EclipseAppHandle.run(EclipseAppHandle.java:196) ~[org.eclipse.equinox.app_1.3.500.v20171221-2204.jar:na]
	at org.eclipse.core.runtime.internal.adaptor.EclipseAppLauncher.runApplication(EclipseAppLauncher.java:134) ~[org.eclipse.osgi_3.13.0.v20180409-1500.jar:na]
	at org.eclipse.core.runtime.internal.adaptor.EclipseAppLauncher.start(EclipseAppLauncher.java:104) ~[org.eclipse.osgi_3.13.0.v20180409-1500.jar:na]
	at org.eclipse.core.runtime.adaptor.EclipseStarter.run(EclipseStarter.java:388) ~[org.eclipse.osgi_3.13.0.v20180409-1500.jar:na]
	at org.eclipse.core.runtime.adaptor.EclipseStarter.run(EclipseStarter.java:243) ~[org.eclipse.osgi_3.13.0.v20180409-1500.jar:na]
	at sun.reflect.NativeMethodAccessorImpl.invoke0(Native Method) ~[na:1.8.0_151]
	at sun.reflect.NativeMethodAccessorImpl.invoke(NativeMethodAccessorImpl.java:62) ~[na:1.8.0_151]
	at sun.reflect.DelegatingMethodAccessorImpl.invoke(DelegatingMethodAccessorImpl.java:43) ~[na:1.8.0_151]
	at java.lang.reflect.Method.invoke(Method.java:498) ~[na:1.8.0_151]
	at org.eclipse.equinox.launcher.Main.invokeFramework(Main.java:656) ~[org.eclipse.equinox.launcher_1.5.0.v20180512-1130.jar:na]
	at org.eclipse.equinox.launcher.Main.basicRun(Main.java:592) ~[org.eclipse.equinox.launcher_1.5.0.v20180512-1130.jar:na]
	at org.eclipse.equinox.launcher.Main.run(Main.java:1498) ~[org.eclipse.equinox.launcher_1.5.0.v20180512-1130.jar:na]
2018-07-10 09:10:24,465 [Worker-28: Building workspace] ERROR o.e.m.c.i.p.r.ProjectRegistryManager - Could not read pom.xml
org.eclipse.core.runtime.CoreException: Could not read pom.xml
	at org.eclipse.m2e.core.internal.embedder.MavenImpl.readModel(MavenImpl.java:565) ~[org.eclipse.m2e.core_1.9.0.20180606-2036.jar:na]
	at org.eclipse.m2e.core.internal.embedder.MavenImpl.readModel(MavenImpl.java:574) ~[org.eclipse.m2e.core_1.9.0.20180606-2036.jar:na]
	at org.eclipse.m2e.core.internal.project.registry.ProjectRegistryManager.refreshPhase2(ProjectRegistryManager.java:542) [org.eclipse.m2e.core_1.9.0.20180606-2036.jar:na]
	at org.eclipse.m2e.core.internal.project.registry.ProjectRegistryManager.refresh(ProjectRegistryManager.java:498) [org.eclipse.m2e.core_1.9.0.20180606-2036.jar:na]
	at org.eclipse.m2e.core.internal.project.registry.ProjectRegistryManager.refresh(ProjectRegistryManager.java:351) [org.eclipse.m2e.core_1.9.0.20180606-2036.jar:na]
	at org.eclipse.m2e.core.internal.project.registry.ProjectRegistryManager.refresh(ProjectRegistryManager.java:298) [org.eclipse.m2e.core_1.9.0.20180606-2036.jar:na]
	at org.eclipse.m2e.core.internal.builder.MavenBuilder$BuildMethod.getProjectFacade(MavenBuilder.java:154) [org.eclipse.m2e.core_1.9.0.20180606-2036.jar:na]
	at org.eclipse.m2e.core.internal.builder.MavenBuilder$BuildMethod$1.call(MavenBuilder.java:89) [org.eclipse.m2e.core_1.9.0.20180606-2036.jar:na]
	at org.eclipse.m2e.core.internal.embedder.MavenExecutionContext.executeBare(MavenExecutionContext.java:177) [org.eclipse.m2e.core_1.9.0.20180606-2036.jar:na]
	at org.eclipse.m2e.core.internal.embedder.MavenExecutionContext.execute(MavenExecutionContext.java:151) [org.eclipse.m2e.core_1.9.0.20180606-2036.jar:na]
	at org.eclipse.m2e.core.internal.embedder.MavenExecutionContext.execute(MavenExecutionContext.java:99) [org.eclipse.m2e.core_1.9.0.20180606-2036.jar:na]
	at org.eclipse.m2e.core.internal.builder.MavenBuilder$BuildMethod.execute(MavenBuilder.java:86) [org.eclipse.m2e.core_1.9.0.20180606-2036.jar:na]
	at org.eclipse.m2e.core.internal.builder.MavenBuilder.build(MavenBuilder.java:200) [org.eclipse.m2e.core_1.9.0.20180606-2036.jar:na]
	at org.eclipse.core.internal.events.BuildManager$2.run(BuildManager.java:795) [org.eclipse.core.resources_3.13.0.v20180512-1138.jar:na]
	at org.eclipse.core.runtime.SafeRunner.run(SafeRunner.java:42) [org.eclipse.equinox.common_3.10.0.v20180412-1130.jar:na]
	at org.eclipse.core.internal.events.BuildManager.basicBuild(BuildManager.java:216) [org.eclipse.core.resources_3.13.0.v20180512-1138.jar:na]
	at org.eclipse.core.internal.events.BuildManager.basicBuild(BuildManager.java:259) [org.eclipse.core.resources_3.13.0.v20180512-1138.jar:na]
	at org.eclipse.core.internal.events.BuildManager$1.run(BuildManager.java:312) [org.eclipse.core.resources_3.13.0.v20180512-1138.jar:na]
	at org.eclipse.core.runtime.SafeRunner.run(SafeRunner.java:42) [org.eclipse.equinox.common_3.10.0.v20180412-1130.jar:na]
	at org.eclipse.core.internal.events.BuildManager.basicBuild(BuildManager.java:315) [org.eclipse.core.resources_3.13.0.v20180512-1138.jar:na]
	at org.eclipse.core.internal.events.BuildManager.basicBuildLoop(BuildManager.java:367) [org.eclipse.core.resources_3.13.0.v20180512-1138.jar:na]
	at org.eclipse.core.internal.events.BuildManager.build(BuildManager.java:388) [org.eclipse.core.resources_3.13.0.v20180512-1138.jar:na]
	at org.eclipse.core.internal.events.AutoBuildJob.doBuild(AutoBuildJob.java:142) [org.eclipse.core.resources_3.13.0.v20180512-1138.jar:na]
	at org.eclipse.core.internal.events.AutoBuildJob.run(AutoBuildJob.java:232) [org.eclipse.core.resources_3.13.0.v20180512-1138.jar:na]
	at org.eclipse.core.internal.jobs.Worker.run(Worker.java:60) [org.eclipse.core.jobs_3.10.0.v20180427-1454.jar:na]
Caused by: org.apache.maven.model.io.ModelParseException: Duplicated tag: 'artifactId' (position: START_TAG seen ...</version>\n  <artifactId>... @6:15) 
	at org.apache.maven.model.io.DefaultModelReader.read(DefaultModelReader.java:114) ~[maven-model-builder-3.5.3.jar:3.5.3]
	at org.apache.maven.model.io.DefaultModelReader.read(DefaultModelReader.java:82) ~[maven-model-builder-3.5.3.jar:3.5.3]
	at org.eclipse.m2e.core.internal.embedder.MavenImpl.readModel(MavenImpl.java:563) ~[org.eclipse.m2e.core_1.9.0.20180606-2036.jar:na]
	... 24 common frames omitted
Caused by: org.codehaus.plexus.util.xml.pull.XmlPullParserException: Duplicated tag: 'artifactId' (position: START_TAG seen ...</version>\n  <artifactId>... @6:15) 
	at org.apache.maven.model.io.xpp3.MavenXpp3Reader.checkFieldWithDuplicate(MavenXpp3Reader.java:140) ~[maven-model-3.5.3.jar:3.5.3]
	at org.apache.maven.model.io.xpp3.MavenXpp3Reader.parseModel(MavenXpp3Reader.java:2082) ~[maven-model-3.5.3.jar:3.5.3]
	at org.apache.maven.model.io.xpp3.MavenXpp3Reader.read(MavenXpp3Reader.java:3852) ~[maven-model-3.5.3.jar:3.5.3]
	at org.apache.maven.model.io.xpp3.MavenXpp3Reader.read(MavenXpp3Reader.java:595) ~[maven-model-3.5.3.jar:3.5.3]
	at org.apache.maven.model.io.DefaultModelReader.read(DefaultModelReader.java:109) ~[maven-model-builder-3.5.3.jar:3.5.3]
	... 26 common frames omitted
2018-07-10 09:10:26,295 [Worker-28: reload maven project] ERROR o.e.m.c.i.p.r.ProjectRegistryManager - Failed to read Maven project: 1 problem was encountered while building the effective model
[FATAL] Non-parseable POM /Users/jennifertran/eclipse-workspace/Cloud Computing/ReadOWL/startJenaFuseki/pom.xml: Duplicated tag: 'artifactId' (position: START_TAG seen ...</version>\n  <artifactId>... @6:15)  @ line 6, column 15
 for project  at /Users/jennifertran/eclipse-workspace/Cloud Computing/ReadOWL/startJenaFuseki/pom.xml
org.apache.maven.project.ProjectBuildingException: 1 problem was encountered while building the effective model
[FATAL] Non-parseable POM /Users/jennifertran/eclipse-workspace/Cloud Computing/ReadOWL/startJenaFuseki/pom.xml: Duplicated tag: 'artifactId' (position: START_TAG seen ...</version>\n  <artifactId>... @6:15)  @ line 6, column 15
 for project  at /Users/jennifertran/eclipse-workspace/Cloud Computing/ReadOWL/startJenaFuseki/pom.xml
	at org.apache.maven.project.DefaultProjectBuilder.build(DefaultProjectBuilder.java:165) ~[maven-core-3.5.3.jar:3.5.3]
	at org.apache.maven.project.DefaultProjectBuilder.build(DefaultProjectBuilder.java:116) ~[maven-core-3.5.3.jar:3.5.3]
	at org.eclipse.m2e.core.internal.embedder.MavenImpl.readMavenProject(MavenImpl.java:636) ~[org.eclipse.m2e.core_1.9.0.20180606-2036.jar:na]
	at org.eclipse.m2e.core.internal.project.registry.ProjectRegistryManager$5.call(ProjectRegistryManager.java:816) ~[org.eclipse.m2e.core_1.9.0.20180606-2036.jar:na]
	at org.eclipse.m2e.core.internal.project.registry.ProjectRegistryManager$5.call(ProjectRegistryManager.java:1) ~[org.eclipse.m2e.core_1.9.0.20180606-2036.jar:na]
	at org.eclipse.m2e.core.internal.embedder.MavenExecutionContext.executeBare(MavenExecutionContext.java:177) ~[org.eclipse.m2e.core_1.9.0.20180606-2036.jar:na]
	at org.eclipse.m2e.core.internal.embedder.MavenExecutionContext.execute(MavenExecutionContext.java:151) ~[org.eclipse.m2e.core_1.9.0.20180606-2036.jar:na]
	at org.eclipse.m2e.core.internal.embedder.MavenExecutionContext.execute(MavenExecutionContext.java:99) ~[org.eclipse.m2e.core_1.9.0.20180606-2036.jar:na]
	at org.eclipse.m2e.core.internal.project.registry.ProjectRegistryManager.execute(ProjectRegistryManager.java:967) ~[org.eclipse.m2e.core_1.9.0.20180606-2036.jar:na]
	at org.eclipse.m2e.core.internal.project.registry.ProjectRegistryManager.readProjectWithDependencies(ProjectRegistryManager.java:811) ~[org.eclipse.m2e.core_1.9.0.20180606-2036.jar:na]
	at org.eclipse.m2e.core.internal.project.registry.ProjectRegistryManager.create(ProjectRegistryManager.java:192) ~[org.eclipse.m2e.core_1.9.0.20180606-2036.jar:na]
	at org.eclipse.m2e.core.internal.project.registry.MavenProjectManager.create(MavenProjectManager.java:80) [org.eclipse.m2e.core_1.9.0.20180606-2036.jar:na]
	at org.eclipse.m2e.core.ui.internal.actions.SelectionUtil.getMavenProject(SelectionUtil.java:259) [org.eclipse.m2e.core.ui_1.9.0.20180606-2036.jar:na]
	at org.eclipse.m2e.editor.pom.MavenPomEditor.readMavenProject(MavenPomEditor.java:740) [org.eclipse.m2e.editor_1.9.0.20180606-2036.jar:na]
	at org.eclipse.m2e.editor.pom.MavenPomEditor$5.run(MavenPomEditor.java:1074) [org.eclipse.m2e.editor_1.9.0.20180606-2036.jar:na]
	at org.eclipse.core.internal.jobs.Worker.run(Worker.java:60) [org.eclipse.core.jobs_3.10.0.v20180427-1454.jar:na]
Caused by: org.apache.maven.model.building.ModelBuildingException: 1 problem was encountered while building the effective model
[FATAL] Non-parseable POM /Users/jennifertran/eclipse-workspace/Cloud Computing/ReadOWL/startJenaFuseki/pom.xml: Duplicated tag: 'artifactId' (position: START_TAG seen ...</version>\n  <artifactId>... @6:15)  @ line 6, column 15

	at org.apache.maven.model.building.DefaultModelProblemCollector.newModelBuildingException(DefaultModelProblemCollector.java:197) ~[maven-model-builder-3.5.3.jar:3.5.3]
	at org.apache.maven.model.building.DefaultModelBuilder.readModel(DefaultModelBuilder.java:582) ~[maven-model-builder-3.5.3.jar:3.5.3]
	at org.apache.maven.model.building.DefaultModelBuilder.build(DefaultModelBuilder.java:276) ~[maven-model-builder-3.5.3.jar:3.5.3]
	at org.apache.maven.project.DefaultProjectBuilder.build(DefaultProjectBuilder.java:158) ~[maven-core-3.5.3.jar:3.5.3]
	... 15 common frames omitted
2018-07-10 09:10:38,043 [Worker-28: Building workspace] INFO  o.e.m.c.i.l.LifecycleMappingFactory - Using org.eclipse.m2e.jdt.JarLifecycleMapping lifecycle mapping for MavenProject: startJenaFuseki:startJenaFuseki:0.0.1-SNAPSHOT @ /Users/jennifertran/eclipse-workspace/Cloud Computing/ReadOWL/startJenaFuseki/pom.xml.
2018-07-10 09:10:38,610 [Worker-28: Building workspace] INFO  o.e.m.c.i.embedder.EclipseLogger - Using 'UTF-8' encoding to copy filtered resources.
2018-07-10 09:10:38,610 [Worker-28: Building workspace] INFO  o.e.m.c.i.embedder.EclipseLogger - skip non existing resourceDirectory /Users/jennifertran/eclipse-workspace/Cloud Computing/ReadOWL/startJenaFuseki/src/main/resources
2018-07-10 09:10:38,613 [Worker-28: Building workspace] INFO  o.e.m.c.i.embedder.EclipseLogger - Using 'UTF-8' encoding to copy filtered resources.
2018-07-10 09:10:38,614 [Worker-28: Building workspace] INFO  o.e.m.c.i.embedder.EclipseLogger - skip non existing resourceDirectory /Users/jennifertran/eclipse-workspace/Cloud Computing/ReadOWL/startJenaFuseki/src/test/resources
2018-07-10 09:10:50,686 [Worker-26: Launching Executing clean in _Users_jennifertran_eclipse-workspace_Cloud Computing_ReadOWL_startJenaFuseki] INFO  o.e.m.i.launch.MavenLaunchDelegate - /Users/jennifertran/eclipse-workspace/Cloud Computing/ReadOWL/startJenaFuseki
2018-07-10 09:10:50,687 [Worker-26: Launching Executing clean in _Users_jennifertran_eclipse-workspace_Cloud Computing_ReadOWL_startJenaFuseki] INFO  o.e.m.i.launch.MavenLaunchDelegate -  mvn -B clean
2018-07-10 09:10:54,365 [Worker-28: Building workspace] INFO  o.e.m.c.i.embedder.EclipseLogger - Using 'UTF-8' encoding to copy filtered resources.
2018-07-10 09:10:54,366 [Worker-28: Building workspace] INFO  o.e.m.c.i.embedder.EclipseLogger - skip non existing resourceDirectory /Users/jennifertran/eclipse-workspace/Cloud Computing/ReadOWL/startJenaFuseki/src/main/resources
2018-07-10 09:10:54,367 [Worker-28: Building workspace] INFO  o.e.m.c.i.embedder.EclipseLogger - Using 'UTF-8' encoding to copy filtered resources.
2018-07-10 09:10:54,368 [Worker-28: Building workspace] INFO  o.e.m.c.i.embedder.EclipseLogger - skip non existing resourceDirectory /Users/jennifertran/eclipse-workspace/Cloud Computing/ReadOWL/startJenaFuseki/src/test/resources
2018-07-10 09:11:07,329 [main] INFO  o.e.m2e.actions.ExecutePomAction - Using existing launch configuration
2018-07-10 09:12:56,914 [Worker-2: Launching startJenaFuseki] INFO  o.e.m.i.launch.MavenLaunchDelegate - /Users/jennifertran/eclipse-workspace/Cloud Computing/ReadOWL/startJenaFuseki
2018-07-10 09:12:56,916 [Worker-2: Launching startJenaFuseki] INFO  o.e.m.i.launch.MavenLaunchDelegate -  mvn -B 
2018-07-10 09:12:57,029 [Worker-2: Building workspace] INFO  o.e.m.c.i.embedder.EclipseLogger - Using 'UTF-8' encoding to copy filtered resources.
2018-07-10 09:12:57,029 [Worker-2: Building workspace] INFO  o.e.m.c.i.embedder.EclipseLogger - skip non existing resourceDirectory /Users/jennifertran/eclipse-workspace/Cloud Computing/ReadOWL/startJenaFuseki/src/main/resources
2018-07-10 09:12:57,030 [Worker-2: Building workspace] INFO  o.e.m.c.i.embedder.EclipseLogger - Using 'UTF-8' encoding to copy filtered resources.
2018-07-10 09:12:57,031 [Worker-2: Building workspace] INFO  o.e.m.c.i.embedder.EclipseLogger - skip non existing resourceDirectory /Users/jennifertran/eclipse-workspace/Cloud Computing/ReadOWL/startJenaFuseki/src/test/resources
2018-07-10 09:13:12,605 [Worker-26: Launching Executing install in _Users_jennifertran_eclipse-workspace_Cloud Computing_ReadOWL_startJenaFuseki] INFO  o.e.m.i.launch.MavenLaunchDelegate - /Users/jennifertran/eclipse-workspace/Cloud Computing/ReadOWL/startJenaFuseki
2018-07-10 09:13:12,605 [Worker-26: Launching Executing install in _Users_jennifertran_eclipse-workspace_Cloud Computing_ReadOWL_startJenaFuseki] INFO  o.e.m.i.launch.MavenLaunchDelegate -  mvn -B install
2018-07-10 09:13:16,234 [Worker-29: Building workspace] INFO  o.e.m.c.i.embedder.EclipseLogger - Using 'UTF-8' encoding to copy filtered resources.
2018-07-10 09:13:16,243 [Worker-29: Building workspace] INFO  o.e.m.c.i.embedder.EclipseLogger - skip non existing resourceDirectory /Users/jennifertran/eclipse-workspace/Cloud Computing/ReadOWL/startJenaFuseki/src/main/resources
2018-07-10 09:13:16,245 [Worker-29: Building workspace] INFO  o.e.m.c.i.embedder.EclipseLogger - Using 'UTF-8' encoding to copy filtered resources.
2018-07-10 09:13:16,245 [Worker-29: Building workspace] INFO  o.e.m.c.i.embedder.EclipseLogger - skip non existing resourceDirectory /Users/jennifertran/eclipse-workspace/Cloud Computing/ReadOWL/startJenaFuseki/src/test/resources
2018-07-10 09:14:52,891 [Worker-26: Building workspace] INFO  o.e.m.c.i.l.LifecycleMappingFactory - Using org.eclipse.m2e.jdt.JarLifecycleMapping lifecycle mapping for MavenProject: startJenaFuseki:startJenaFuseki:0.0.1-SNAPSHOT @ /Users/jennifertran/eclipse-workspace/Cloud Computing/ReadOWL/startJenaFuseki/pom.xml.
2018-07-10 09:14:53,158 [Worker-26: Building workspace] INFO  o.e.m.c.i.embedder.EclipseLogger - Using 'UTF-8' encoding to copy filtered resources.
2018-07-10 09:14:53,158 [Worker-26: Building workspace] INFO  o.e.m.c.i.embedder.EclipseLogger - skip non existing resourceDirectory /Users/jennifertran/eclipse-workspace/Cloud Computing/ReadOWL/startJenaFuseki/src/main/resources
2018-07-10 09:14:53,161 [Worker-26: Building workspace] INFO  o.e.m.c.i.embedder.EclipseLogger - Using 'UTF-8' encoding to copy filtered resources.
2018-07-10 09:14:53,162 [Worker-26: Building workspace] INFO  o.e.m.c.i.embedder.EclipseLogger - skip non existing resourceDirectory /Users/jennifertran/eclipse-workspace/Cloud Computing/ReadOWL/startJenaFuseki/src/test/resources
2018-07-10 09:22:48,875 [Worker-9: reload maven project] INFO  o.e.m.c.i.e.AbstractTransferListenerAdapter - Downloading https://repo.maven.apache.org/maven2/org/apache/jena/jena-fuseki-embedded/3.6.0/jena-fuseki-embedded-3.6.0.pom
2018-07-10 09:22:48,894 [Worker-9: reload maven project] INFO  o.e.m.c.i.e.AbstractTransferListenerAdapter - Downloaded https://repo.maven.apache.org/maven2/org/apache/jena/jena-fuseki-embedded/3.6.0/jena-fuseki-embedded-3.6.0.pom
2018-07-10 09:22:48,907 [Worker-9: reload maven project] INFO  o.e.m.c.i.e.AbstractTransferListenerAdapter - Downloading https://repo.maven.apache.org/maven2/org/apache/jena/jena-fuseki/3.6.0/jena-fuseki-3.6.0.pom
2018-07-10 09:22:48,929 [Worker-9: reload maven project] INFO  o.e.m.c.i.e.AbstractTransferListenerAdapter - Downloaded https://repo.maven.apache.org/maven2/org/apache/jena/jena-fuseki/3.6.0/jena-fuseki-3.6.0.pom
2018-07-10 09:22:48,960 [Worker-9: reload maven project] INFO  o.e.m.c.i.e.AbstractTransferListenerAdapter - Downloading https://repo.maven.apache.org/maven2/org/apache/jena/jena-fuseki-core/3.6.0/jena-fuseki-core-3.6.0.pom
2018-07-10 09:22:48,978 [Worker-9: reload maven project] INFO  o.e.m.c.i.e.AbstractTransferListenerAdapter - Downloaded https://repo.maven.apache.org/maven2/org/apache/jena/jena-fuseki-core/3.6.0/jena-fuseki-core-3.6.0.pom
2018-07-10 09:22:49,588 [Worker-9: reload maven project] INFO  o.e.m.c.i.e.AbstractTransferListenerAdapter - Downloading https://repo.maven.apache.org/maven2/org/apache/jena/jena-fuseki-embedded/3.6.0/jena-fuseki-embedded-3.6.0.jar
2018-07-10 09:22:49,613 [Worker-9: reload maven project] INFO  o.e.m.c.i.e.AbstractTransferListenerAdapter - Downloaded https://repo.maven.apache.org/maven2/org/apache/jena/jena-fuseki-embedded/3.6.0/jena-fuseki-embedded-3.6.0.jar
2018-07-10 09:22:49,624 [Worker-9: reload maven project] INFO  o.e.m.c.i.e.AbstractTransferListenerAdapter - Downloading https://repo.maven.apache.org/maven2/org/apache/jena/jena-fuseki-core/3.6.0/jena-fuseki-core-3.6.0.jar
2018-07-10 09:22:49,692 [Worker-9: reload maven project] INFO  o.e.m.c.i.e.AbstractTransferListenerAdapter - Downloaded https://repo.maven.apache.org/maven2/org/apache/jena/jena-fuseki-core/3.6.0/jena-fuseki-core-3.6.0.jar
2018-07-10 09:22:49,747 [Worker-30: Building workspace] INFO  o.e.m.c.i.l.LifecycleMappingFactory - Using org.eclipse.m2e.jdt.JarLifecycleMapping lifecycle mapping for MavenProject: startJenaFuseki:startJenaFuseki:0.0.1-SNAPSHOT @ /Users/jennifertran/eclipse-workspace/Cloud Computing/ReadOWL/startJenaFuseki/pom.xml.
2018-07-10 09:22:50,570 [Worker-30: Building workspace] INFO  o.e.m.c.i.embedder.EclipseLogger - Using 'UTF-8' encoding to copy filtered resources.
2018-07-10 09:22:50,571 [Worker-30: Building workspace] INFO  o.e.m.c.i.embedder.EclipseLogger - skip non existing resourceDirectory /Users/jennifertran/eclipse-workspace/Cloud Computing/ReadOWL/startJenaFuseki/src/main/resources
2018-07-10 09:22:50,575 [Worker-30: Building workspace] INFO  o.e.m.c.i.embedder.EclipseLogger - Using 'UTF-8' encoding to copy filtered resources.
2018-07-10 09:22:50,575 [Worker-30: Building workspace] INFO  o.e.m.c.i.embedder.EclipseLogger - skip non existing resourceDirectory /Users/jennifertran/eclipse-workspace/Cloud Computing/ReadOWL/startJenaFuseki/src/test/resources
2018-07-10 09:22:52,038 [Worker-31: Download sources and javadoc] INFO  o.e.m.c.i.e.AbstractTransferListenerAdapter - Downloading https://repo.maven.apache.org/maven2/org/apache/jena/jena-fuseki-embedded/3.6.0/jena-fuseki-embedded-3.6.0-sources.jar
2018-07-10 09:22:52,147 [Worker-31: Download sources and javadoc] INFO  o.e.m.c.i.e.AbstractTransferListenerAdapter - Downloaded https://repo.maven.apache.org/maven2/org/apache/jena/jena-fuseki-embedded/3.6.0/jena-fuseki-embedded-3.6.0-sources.jar
2018-07-10 09:22:52,189 [Worker-31: Download sources and javadoc] INFO  o.e.m.j.internal.DownloadSourcesJob - Downloaded sources for org.apache.jena:jena-fuseki-embedded:3.6.0
2018-07-10 09:22:52,460 [Worker-31: Download sources and javadoc] INFO  o.e.m.c.i.e.AbstractTransferListenerAdapter - Downloading https://repo.maven.apache.org/maven2/org/apache/jena/jena-fuseki-core/3.6.0/jena-fuseki-core-3.6.0-sources.jar
2018-07-10 09:22:52,610 [Worker-31: Download sources and javadoc] INFO  o.e.m.c.i.e.AbstractTransferListenerAdapter - Downloaded https://repo.maven.apache.org/maven2/org/apache/jena/jena-fuseki-core/3.6.0/jena-fuseki-core-3.6.0-sources.jar
2018-07-10 09:22:52,626 [Worker-31: Download sources and javadoc] INFO  o.e.m.j.internal.DownloadSourcesJob - Downloaded sources for org.apache.jena:jena-fuseki-core:3.6.0
2018-07-10 09:22:52,645 [Worker-31: Download sources and javadoc] INFO  o.e.m.c.i.e.AbstractTransferListenerAdapter - Downloading https://repo.maven.apache.org/maven2/org/apache/jena/jena-tdb/3.6.0/jena-tdb-3.6.0-sources.jar
2018-07-10 09:22:52,708 [Worker-31: Download sources and javadoc] INFO  o.e.m.c.i.e.AbstractTransferListenerAdapter - Downloaded https://repo.maven.apache.org/maven2/org/apache/jena/jena-tdb/3.6.0/jena-tdb-3.6.0-sources.jar
2018-07-10 09:22:52,722 [Worker-31: Download sources and javadoc] INFO  o.e.m.j.internal.DownloadSourcesJob - Downloaded sources for org.apache.jena:jena-tdb:3.6.0
2018-07-10 09:22:52,736 [Worker-31: Download sources and javadoc] INFO  o.e.m.c.i.e.AbstractTransferListenerAdapter - Downloading https://repo.maven.apache.org/maven2/org/apache/jena/jena-tdb2/3.6.0/jena-tdb2-3.6.0-sources.jar
2018-07-10 09:22:52,768 [Worker-31: Download sources and javadoc] INFO  o.e.m.c.i.e.AbstractTransferListenerAdapter - Downloaded https://repo.maven.apache.org/maven2/org/apache/jena/jena-tdb2/3.6.0/jena-tdb2-3.6.0-sources.jar
2018-07-10 09:22:52,782 [Worker-31: Download sources and javadoc] INFO  o.e.m.j.internal.DownloadSourcesJob - Downloaded sources for org.apache.jena:jena-tdb2:3.6.0
2018-07-10 09:22:52,795 [Worker-31: Download sources and javadoc] INFO  o.e.m.c.i.e.AbstractTransferListenerAdapter - Downloading https://repo.maven.apache.org/maven2/org/apache/jena/jena-dboe-trans-data/3.6.0/jena-dboe-trans-data-3.6.0-sources.jar
2018-07-10 09:22:52,819 [Worker-31: Download sources and javadoc] INFO  o.e.m.c.i.e.AbstractTransferListenerAdapter - Downloaded https://repo.maven.apache.org/maven2/org/apache/jena/jena-dboe-trans-data/3.6.0/jena-dboe-trans-data-3.6.0-sources.jar
2018-07-10 09:22:52,837 [Worker-31: Download sources and javadoc] INFO  o.e.m.j.internal.DownloadSourcesJob - Downloaded sources for org.apache.jena:jena-dboe-trans-data:3.6.0
2018-07-10 09:22:52,851 [Worker-31: Download sources and javadoc] INFO  o.e.m.c.i.e.AbstractTransferListenerAdapter - Downloading https://repo.maven.apache.org/maven2/org/apache/jena/jena-dboe-transaction/3.6.0/jena-dboe-transaction-3.6.0-sources.jar
2018-07-10 09:22:52,869 [Worker-31: Download sources and javadoc] INFO  o.e.m.c.i.e.AbstractTransferListenerAdapter - Downloaded https://repo.maven.apache.org/maven2/org/apache/jena/jena-dboe-transaction/3.6.0/jena-dboe-transaction-3.6.0-sources.jar
2018-07-10 09:22:52,890 [Worker-31: Download sources and javadoc] INFO  o.e.m.j.internal.DownloadSourcesJob - Downloaded sources for org.apache.jena:jena-dboe-transaction:3.6.0
2018-07-10 09:22:52,905 [Worker-31: Download sources and javadoc] INFO  o.e.m.c.i.e.AbstractTransferListenerAdapter - Downloading https://repo.maven.apache.org/maven2/org/apache/jena/jena-dboe-base/3.6.0/jena-dboe-base-3.6.0-sources.jar
2018-07-10 09:22:52,937 [Worker-31: Download sources and javadoc] INFO  o.e.m.c.i.e.AbstractTransferListenerAdapter - Downloaded https://repo.maven.apache.org/maven2/org/apache/jena/jena-dboe-base/3.6.0/jena-dboe-base-3.6.0-sources.jar
2018-07-10 09:22:52,958 [Worker-31: Download sources and javadoc] INFO  o.e.m.j.internal.DownloadSourcesJob - Downloaded sources for org.apache.jena:jena-dboe-base:3.6.0
2018-07-10 09:22:52,972 [Worker-31: Download sources and javadoc] INFO  o.e.m.c.i.e.AbstractTransferListenerAdapter - Downloading https://repo.maven.apache.org/maven2/org/apache/jena/jena-dboe-index/3.6.0/jena-dboe-index-3.6.0-sources.jar
2018-07-10 09:22:52,998 [Worker-31: Download sources and javadoc] INFO  o.e.m.c.i.e.AbstractTransferListenerAdapter - Downloaded https://repo.maven.apache.org/maven2/org/apache/jena/jena-dboe-index/3.6.0/jena-dboe-index-3.6.0-sources.jar
2018-07-10 09:22:53,036 [Worker-31: Download sources and javadoc] INFO  o.e.m.j.internal.DownloadSourcesJob - Downloaded sources for org.apache.jena:jena-dboe-index:3.6.0
2018-07-10 09:22:53,050 [Worker-31: Download sources and javadoc] INFO  o.e.m.c.i.e.AbstractTransferListenerAdapter - Downloading https://repo.maven.apache.org/maven2/org/apache/jena/jena-rdfconnection/3.6.0/jena-rdfconnection-3.6.0-sources.jar
2018-07-10 09:22:53,072 [Worker-31: Download sources and javadoc] INFO  o.e.m.c.i.e.AbstractTransferListenerAdapter - Downloaded https://repo.maven.apache.org/maven2/org/apache/jena/jena-rdfconnection/3.6.0/jena-rdfconnection-3.6.0-sources.jar
2018-07-10 09:22:53,120 [Worker-31: Download sources and javadoc] INFO  o.e.m.j.internal.DownloadSourcesJob - Downloaded sources for org.apache.jena:jena-rdfconnection:3.6.0
2018-07-10 09:22:53,209 [Worker-32: Building workspace] INFO  o.e.m.c.i.l.LifecycleMappingFactory - Using org.eclipse.m2e.jdt.JarLifecycleMapping lifecycle mapping for MavenProject: startJenaFuseki:startJenaFuseki:0.0.1-SNAPSHOT @ /Users/jennifertran/eclipse-workspace/Cloud Computing/ReadOWL/startJenaFuseki/pom.xml.
2018-07-10 09:22:53,655 [Worker-32: Building workspace] INFO  o.e.m.c.i.embedder.EclipseLogger - Using 'UTF-8' encoding to copy filtered resources.
2018-07-10 09:22:53,655 [Worker-32: Building workspace] INFO  o.e.m.c.i.embedder.EclipseLogger - skip non existing resourceDirectory /Users/jennifertran/eclipse-workspace/Cloud Computing/ReadOWL/startJenaFuseki/src/main/resources
2018-07-10 09:22:53,657 [Worker-32: Building workspace] INFO  o.e.m.c.i.embedder.EclipseLogger - Using 'UTF-8' encoding to copy filtered resources.
2018-07-10 09:22:53,657 [Worker-32: Building workspace] INFO  o.e.m.c.i.embedder.EclipseLogger - skip non existing resourceDirectory /Users/jennifertran/eclipse-workspace/Cloud Computing/ReadOWL/startJenaFuseki/src/test/resources
2018-07-10 09:22:54,860 [Worker-30: Building workspace] INFO  o.e.m.c.i.embedder.EclipseLogger - Using 'UTF-8' encoding to copy filtered resources.
2018-07-10 09:22:54,861 [Worker-30: Building workspace] INFO  o.e.m.c.i.embedder.EclipseLogger - skip non existing resourceDirectory /Users/jennifertran/eclipse-workspace/Cloud Computing/ReadOWL/startJenaFuseki/src/main/resources
2018-07-10 09:22:54,864 [Worker-30: Building workspace] INFO  o.e.m.c.i.embedder.EclipseLogger - Using 'UTF-8' encoding to copy filtered resources.
2018-07-10 09:22:54,864 [Worker-30: Building workspace] INFO  o.e.m.c.i.embedder.EclipseLogger - skip non existing resourceDirectory /Users/jennifertran/eclipse-workspace/Cloud Computing/ReadOWL/startJenaFuseki/src/test/resources
2018-07-10 09:23:11,446 [main] INFO  o.e.m2e.actions.ExecutePomAction - Using existing launch configuration
2018-07-10 09:23:20,072 [Worker-28: Launching startJenaFuseki] INFO  o.e.m.i.launch.MavenLaunchDelegate - /Users/jennifertran/eclipse-workspace/Cloud Computing/ReadOWL/startJenaFuseki
2018-07-10 09:23:20,073 [Worker-28: Launching startJenaFuseki] INFO  o.e.m.i.launch.MavenLaunchDelegate -  mvn -B 
2018-07-10 09:23:20,183 [Worker-31: Building workspace] INFO  o.e.m.c.i.embedder.EclipseLogger - Using 'UTF-8' encoding to copy filtered resources.
2018-07-10 09:23:20,184 [Worker-31: Building workspace] INFO  o.e.m.c.i.embedder.EclipseLogger - skip non existing resourceDirectory /Users/jennifertran/eclipse-workspace/Cloud Computing/ReadOWL/startJenaFuseki/src/main/resources
2018-07-10 09:23:20,185 [Worker-31: Building workspace] INFO  o.e.m.c.i.embedder.EclipseLogger - Using 'UTF-8' encoding to copy filtered resources.
2018-07-10 09:23:20,185 [Worker-31: Building workspace] INFO  o.e.m.c.i.embedder.EclipseLogger - skip non existing resourceDirectory /Users/jennifertran/eclipse-workspace/Cloud Computing/ReadOWL/startJenaFuseki/src/test/resources
2018-07-10 09:23:28,320 [Worker-28: Launching Executing install in _Users_jennifertran_eclipse-workspace_Cloud Computing_ReadOWL_startJenaFuseki] INFO  o.e.m.i.launch.MavenLaunchDelegate - /Users/jennifertran/eclipse-workspace/Cloud Computing/ReadOWL/startJenaFuseki
2018-07-10 09:23:28,320 [Worker-28: Launching Executing install in _Users_jennifertran_eclipse-workspace_Cloud Computing_ReadOWL_startJenaFuseki] INFO  o.e.m.i.launch.MavenLaunchDelegate -  mvn -B install
2018-07-10 09:23:32,533 [Worker-9: Building workspace] INFO  o.e.m.c.i.embedder.EclipseLogger - Using 'UTF-8' encoding to copy filtered resources.
2018-07-10 09:23:32,541 [Worker-9: Building workspace] INFO  o.e.m.c.i.embedder.EclipseLogger - skip non existing resourceDirectory /Users/jennifertran/eclipse-workspace/Cloud Computing/ReadOWL/startJenaFuseki/src/main/resources
2018-07-10 09:23:32,543 [Worker-9: Building workspace] INFO  o.e.m.c.i.embedder.EclipseLogger - Using 'UTF-8' encoding to copy filtered resources.
2018-07-10 09:23:32,543 [Worker-9: Building workspace] INFO  o.e.m.c.i.embedder.EclipseLogger - skip non existing resourceDirectory /Users/jennifertran/eclipse-workspace/Cloud Computing/ReadOWL/startJenaFuseki/src/test/resources
2018-07-10 09:24:26,416 [Worker-28: Building workspace] INFO  o.e.m.c.i.embedder.EclipseLogger - Using 'UTF-8' encoding to copy filtered resources.
2018-07-10 09:24:26,424 [Worker-28: Building workspace] INFO  o.e.m.c.i.embedder.EclipseLogger - skip non existing resourceDirectory /Users/jennifertran/eclipse-workspace/Cloud Computing/ReadOWL/startJenaFuseki/src/main/resources
2018-07-10 09:24:26,425 [Worker-28: Building workspace] INFO  o.e.m.c.i.embedder.EclipseLogger - Using 'UTF-8' encoding to copy filtered resources.
2018-07-10 09:24:26,426 [Worker-28: Building workspace] INFO  o.e.m.c.i.embedder.EclipseLogger - skip non existing resourceDirectory /Users/jennifertran/eclipse-workspace/Cloud Computing/ReadOWL/startJenaFuseki/src/test/resources
